#
# A fatal error has been detected by the Java Runtime Environment:
#
#  SIGSEGV (0xb) at pc=0x00007fdc708ef009, pid=4915, tid=4916
#
# JRE version: OpenJDK Runtime Environment (9.0) (build 9-internal+0-2016-04-14-195246.buildd.src)
# Java VM: OpenJDK 64-Bit Server VM (9-internal+0-2016-04-14-195246.buildd.src, mixed mode, tiered, compressed oops, g1 gc, linux-amd64)
# Problematic frame:
# C  [libjava.so+0x1d009]  JNU_GetEnv+0x19
#
# Core dump will be written. Default location: Core dumps may be processed with "/usr/share/apport/apport %p %s %c %P" (or dumping to /home/mdm/code/NeuroMiner/Lmv5.2_64bit/core.4915)
#
# If you would like to submit a bug report, please visit:
#   http://bugreport.java.com/bugreport/crash.jsp
# The crash happened outside the Java Virtual Machine in native code.
# See problematic frame for where to report the bug.
#

---------------  S U M M A R Y ------------

Command Line: Lm.jar

Host: Intel(R) Core(TM) i5-4200M CPU @ 2.50GHz, 4 cores, 15G, Ubuntu 16.04 LTS
Time: Fri Apr 29 13:40:48 2016 EDT elapsed time: 5 seconds (0d 0h 0m 5s)

---------------  T H R E A D  ---------------

Current thread (0x00007fdc6c011000):  JavaThread "main" [_thread_in_native, id=4916, stack(0x00007fdc73656000,0x00007fdc73757000)]

Stack: [0x00007fdc73656000,0x00007fdc73757000],  sp=0x00007fdc737543a0,  free space=1016k
Native frames: (J=compiled Java code, j=interpreted, Vv=VM code, C=native code)
C  [libjava.so+0x1d009]  JNU_GetEnv+0x19
C  [libfontmanager.so+0x33f8e]
C  [libfreetype.so.6+0x14d1b]  FT_Stream_Seek+0x1b

Java frames: (J=compiled Java code, j=interpreted, Vv=VM code)
j  sun.font.FreetypeFontScaler.initNativeScaler(Lsun/font/Font2D;IIZI)J+0 java.desktop@9-internal
j  sun.font.FreetypeFontScaler.<init>(Lsun/font/Font2D;IZI)V+26 java.desktop@9-internal
v  ~StubRoutines::call_stub
j  sun.reflect.NativeConstructorAccessorImpl.newInstance0(Ljava/lang/reflect/Constructor;[Ljava/lang/Object;)Ljava/lang/Object;+0 java.base@9-internal
j  sun.reflect.NativeConstructorAccessorImpl.newInstance([Ljava/lang/Object;)Ljava/lang/Object;+85 java.base@9-internal
j  sun.reflect.DelegatingConstructorAccessorImpl.newInstance([Ljava/lang/Object;)Ljava/lang/Object;+5 java.base@9-internal
j  java.lang.reflect.Constructor.newInstance([Ljava/lang/Object;)Ljava/lang/Object;+65 java.base@9-internal
j  sun.font.FontScaler.getScaler(Lsun/font/Font2D;IZI)Lsun/font/FontScaler;+39 java.desktop@9-internal
j  sun.font.TrueTypeFont.getScaler()Lsun/font/FontScaler;+21 java.desktop@9-internal
j  sun.font.FileFontStrike.<init>(Lsun/font/FileFont;Lsun/font/FontStrikeDesc;)V+204 java.desktop@9-internal
j  sun.font.FileFont.createStrike(Lsun/font/FontStrikeDesc;)Lsun/font/FontStrike;+18 java.desktop@9-internal
j  sun.font.Font2D.getStrike(Lsun/font/FontStrikeDesc;Z)Lsun/font/FontStrike;+92 java.desktop@9-internal
j  sun.font.Font2D.getStrike(Lsun/font/FontStrikeDesc;)Lsun/font/FontStrike;+3 java.desktop@9-internal
j  sun.font.CompositeStrike.getStrikeForSlot(I)Lsun/font/PhysicalStrike;+23 java.desktop@9-internal
j  sun.font.CompositeStrike.getFontMetrics()Lsun/font/StrikeMetrics;+31 java.desktop@9-internal
j  sun.font.FontDesignMetrics.initMatrixAndMetrics()V+28 java.desktop@9-internal
j  sun.font.FontDesignMetrics.<init>(Ljava/awt/Font;Ljava/awt/font/FontRenderContext;)V+62 java.desktop@9-internal
j  sun.font.FontDesignMetrics.getMetrics(Ljava/awt/Font;Ljava/awt/font/FontRenderContext;)Lsun/font/FontDesignMetrics;+128 java.desktop@9-internal
j  sun.swing.SwingUtilities2.getFontMetrics(Ljavax/swing/JComponent;Ljava/awt/Font;)Ljava/awt/FontMetrics;+15 java.desktop@9-internal
j  javax.swing.JComponent.getFontMetrics(Ljava/awt/Font;)Ljava/awt/FontMetrics;+2 java.desktop@9-internal
j  javax.swing.plaf.basic.BasicLabelUI.getPreferredSize(Ljavax/swing/JComponent;)Ljava/awt/Dimension;+144 java.desktop@9-internal
j  javax.swing.JComponent.getPreferredSize()Ljava/awt/Dimension;+26 java.desktop@9-internal
j  Lmeasure.gui.Specificity.initColumnSizes(Ljavax/swing/JTable;)V+66
j  Lmeasure.gui.Specificity.<init>(I)V+247
j  Lmeasure.gui.Lmeasure.createPane(Ljava/lang/String;)Ljavax/swing/JPanel;+61
j  Lmeasure.gui.Lmeasure.init()V+23
j  Lmeasure.gui.MultiLm.run(Ljavax/swing/JApplet;II)V+37
j  Lmeasure.gui.Lmeasure.main([Ljava/lang/String;)V+23
v  ~StubRoutines::call_stub

siginfo: si_signo: 11 (SIGSEGV), si_code: 1 (SEGV_MAPERR), si_addr: 0x0000000000000000

Register to memory mapping:

RAX=0x0000000000000000 is an unknown value
RBX=0x0000000000000000 is an unknown value
RCX=0x0000000000000000 is an unknown value
RDX=0x0000000000010002 is an unknown value
RSP=0x00007fdc737543a0 is pointing into the stack for thread: 0x00007fdc6c011000
RBP=0x00007fdc737543b0 is pointing into the stack for thread: 0x00007fdc6c011000
RSI=0x0000000000010002 is an unknown value
RDI=0x0000000000000000 is an unknown value
R8 =0x0000000000000000 is an unknown value
R9 =0x0000000000000000 is an unknown value
R10=0x00000000000001db is an unknown value
R11=0x00007fdc708eeff0: JNU_GetEnv+0x0000000000000000 in /usr/lib/jvm/java-9-openjdk-amd64/lib/amd64/libjava.so at 0x00007fdc708d2000
R12=0x00007fdc6c48e260 is an unknown value
R13=0x0000000000000000 is an unknown value
R14=0x0000000000000000 is an unknown value
R15=0x00007fdc6c4324f0 is an unknown value


Registers:
RAX=0x0000000000000000, RBX=0x0000000000000000, RCX=0x0000000000000000, RDX=0x0000000000010002
RSP=0x00007fdc737543a0, RBP=0x00007fdc737543b0, RSI=0x0000000000010002, RDI=0x0000000000000000
R8 =0x0000000000000000, R9 =0x0000000000000000, R10=0x00000000000001db, R11=0x00007fdc708eeff0
R12=0x00007fdc6c48e260, R13=0x0000000000000000, R14=0x0000000000000000, R15=0x00007fdc6c4324f0
RIP=0x00007fdc708ef009, EFLAGS=0x0000000000010246, CSGSFS=0x0000000000000033, ERR=0x0000000000000004
  TRAPNO=0x000000000000000e

Top of Stack: (sp=0x00007fdc737543a0)
0x00007fdc737543a0:   0000000000000000 a6c8f69d020f2200
0x00007fdc737543b0:   00007fdc737543f0 00007fdc1c1aff8e
0x00007fdc737543c0:   00007fdc6c431ac0 00007fdc6c48e260
0x00007fdc737543d0:   0000000000000000 0000000000000000
0x00007fdc737543e0:   00007fdc6c48e260 00007fdc6c4324f0
0x00007fdc737543f0:   0000000000000000 00007fdbe3d6ad1b
0x00007fdc73754400:   0000000000000000 00007fdbe3ffcd80
0x00007fdc73754410:   0000000000000000 00007fdbe3d7e8d0
0x00007fdc73754420:   0000000000000014 0000004400000053
0x00007fdc73754430:   0000000000000002 0000000000000000
0x00007fdc73754440:   0000006e0000005d 0000000000000000
0x00007fdc73754450:   0000000000000000 0000007c00000077
0x00007fdc73754460:   0202020202020202 0202020202020202
0x00007fdc73754470:   0000000000000000 0000000000000000
0x00007fdc73754480:   468b45f04e8b41d0 00007fdc6c000020
0x00007fdc73754490:   0000000000000070 00007fdc73754544
0x00007fdc737544a0:   00007fdc6c431ac0 00007fdc6c4324f0
0x00007fdc737544b0:   00007fdc73754544 00007fdc72ffc5a4
0x00007fdc737544c0:   00007fdc71f74f00 00007fdc737544f4
0x00007fdc737544d0:   00007fdbe3ff99e0 a6c8f69d020f2200
0x00007fdc737544e0:   0000000000000070 00007fdc6c2ad630
0x00007fdc737544f0:   00007fdbe3ff99e0 00007fdc73754608
0x00007fdc73754500:   00007fdc6c431ac0 00007fdc6c4324f0
0x00007fdc73754510:   00007fdc6c2ad520 00007fdbe3d6d4b2
0x00007fdc73754520:   0000000100000000 00007fdc73754610
0x00007fdc73754530:   0000000000000000 0000000000000000
0x00007fdc73754540:   0000000073754608 a6c8f69d020f2200
0x00007fdc73754550:   00007fdc6c2ad630 00007fdc73754610
0x00007fdc73754560:   0000000000000000 00007fdc6c48e188
0x00007fdc73754570:   00007fdc73754810 00007fdc6c48e0e8
0x00007fdc73754580:   00007fdc6c431ac0 00007fdbe3d6f571
0x00007fdc73754590:   00007fdc73754610 00007fdbe3d6f366 

Instructions: (pc=0x00007fdc708ef009)
0x00007fdc708eefe9:   ff eb ea 0f 1f 40 00 55 89 f2 48 89 e5 48 83 ec
0x00007fdc708eeff9:   10 64 48 8b 04 25 28 00 00 00 48 89 45 f8 31 c0
0x00007fdc708ef009:   48 8b 07 48 8d 75 f0 ff 50 30 48 8b 4d f8 64 48
0x00007fdc708ef019:   33 0c 25 28 00 00 00 48 8b 45 f0 75 02 c9 c3 e8 


---------------  P R O C E S S  ---------------

Java Threads: ( => current thread )
  0x00007fdbd0001000 JavaThread "SeedGenerator Thread" daemon [_thread_blocked, id=4966, stack(0x00007fdbe301e000,0x00007fdbe311f000)]
  0x00007fdc6c7d0000 JavaThread "SeedGenerator Thread" daemon [_thread_in_Java, id=4945, stack(0x00007fdbe2f1d000,0x00007fdbe301e000)]
  0x00007fdc6c466000 JavaThread "AWT-XAWT" daemon [_thread_in_native, id=4942, stack(0x00007fdbe3420000,0x00007fdbe3521000)]
  0x00007fdc6c444800 JavaThread "Java2D Disposer" daemon [_thread_blocked, id=4941, stack(0x00007fdc1c07b000,0x00007fdc1c17c000)]
  0x00007fdc6c3e9800 JavaThread "TimerQueue" daemon [_thread_blocked, id=4940, stack(0x00007fdc1c446000,0x00007fdc1c547000)]
  0x00007fdc6c313800 JavaThread "Service Thread" daemon [_thread_blocked, id=4938, stack(0x00007fdc1dd0c000,0x00007fdc1de0d000)]
  0x00007fdc6c25d800 JavaThread "Common-Cleaner" daemon [_thread_blocked, id=4937, stack(0x00007fdc1de0d000,0x00007fdc1df0e000)]
  0x00007fdc6c246800 JavaThread "Sweeper thread" daemon [_thread_blocked, id=4936, stack(0x00007fdc1e639000,0x00007fdc1e73a000)]
  0x00007fdc6c244800 JavaThread "C1 CompilerThread2" daemon [_thread_blocked, id=4935, stack(0x00007fdc1e73a000,0x00007fdc1e83b000)]
  0x00007fdc6c242800 JavaThread "C2 CompilerThread1" daemon [_thread_in_native, id=4934, stack(0x00007fdc1e83b000,0x00007fdc1e93c000)]
  0x00007fdc6c240800 JavaThread "C2 CompilerThread0" daemon [_thread_in_native, id=4933, stack(0x00007fdc1e93c000,0x00007fdc1ea3d000)]
  0x00007fdc6c23c800 JavaThread "Signal Dispatcher" daemon [_thread_blocked, id=4932, stack(0x00007fdc1ea3d000,0x00007fdc1eb3e000)]
  0x00007fdc6c23a000 JavaThread "Surrogate Locker Thread (Concurrent GC)" daemon [_thread_blocked, id=4931, stack(0x00007fdc1eb3e000,0x00007fdc1ec3f000)]
  0x00007fdc6c228800 JavaThread "Finalizer" daemon [_thread_blocked, id=4930, stack(0x00007fdc1f5fe000,0x00007fdc1f6ff000)]
  0x00007fdc6c224800 JavaThread "Reference Handler" daemon [_thread_blocked, id=4929, stack(0x00007fdc1f6ff000,0x00007fdc1f800000)]
=>0x00007fdc6c011000 JavaThread "main" [_thread_in_native, id=4916, stack(0x00007fdc73656000,0x00007fdc73757000)]

Other Threads:
  0x00007fdc6c21a800 VMThread [stack: 0x00007fdc24100000,0x00007fdc24201000] [id=4928]
  0x00007fdc6c316800 WatcherThread [stack: 0x00007fdc1dc0b000,0x00007fdc1dd0c000] [id=4939]

Threads with active compile tasks:
C2 CompilerThread1 728       4       java.util.Properties::saveConvert (434 bytes)
C2 CompilerThread0 729       4       java.lang.StringLatin1::inflate (34 bytes)

VM state:not at safepoint (normal execution)

VM Mutex/Monitor currently owned by a thread: None

heap address: 0x00000006c6a00000, size: 3990 MB, Compressed Oops mode: Zero based, Oop shift amount: 3
Narrow klass base: 0x0000000000000000, Narrow klass shift: 3
Compressed class space size: 1073741824 Address: 0x00000007c0000000

Heap:
 garbage-first heap   total 256000K, used 8192K [0x00000006c6a00000, 0x00000006c6b007d0, 0x00000007c0000000)
  region size 1024K, 9 young (9216K), 0 survivors (0K)
 Metaspace       used 13084K, capacity 13526K, committed 13824K, reserved 1060864K
  class space    used 1510K, capacity 1670K, committed 1792K, reserved 1048576K

Heap Regions: E=young(eden), S=young(survivor), O=old, HS=humongous(starts), HC=humongous(continues), CS=collection set, F=free, A=archive, TS=gc time stamp, AC=allocation context, TAMS=top-at-mark-start (previous, next)
|   0|0x00000006c6a00000, 0x00000006c6a00000, 0x00000006c6b00000|  0%| F|  |TS  0|AC  0|TAMS 0x00000006c6a00000, 0x00000006c6a00000|
|   1|0x00000006c6b00000, 0x00000006c6b00000, 0x00000006c6c00000|  0%| F|  |TS  0|AC  0|TAMS 0x00000006c6b00000, 0x00000006c6b00000|
|   2|0x00000006c6c00000, 0x00000006c6c00000, 0x00000006c6d00000|  0%| F|  |TS  0|AC  0|TAMS 0x00000006c6c00000, 0x00000006c6c00000|
|   3|0x00000006c6d00000, 0x00000006c6d00000, 0x00000006c6e00000|  0%| F|  |TS  0|AC  0|TAMS 0x00000006c6d00000, 0x00000006c6d00000|
|   4|0x00000006c6e00000, 0x00000006c6e00000, 0x00000006c6f00000|  0%| F|  |TS  0|AC  0|TAMS 0x00000006c6e00000, 0x00000006c6e00000|
|   5|0x00000006c6f00000, 0x00000006c6f00000, 0x00000006c7000000|  0%| F|  |TS  0|AC  0|TAMS 0x00000006c6f00000, 0x00000006c6f00000|
|   6|0x00000006c7000000, 0x00000006c7000000, 0x00000006c7100000|  0%| F|  |TS  0|AC  0|TAMS 0x00000006c7000000, 0x00000006c7000000|
|   7|0x00000006c7100000, 0x00000006c7100000, 0x00000006c7200000|  0%| F|  |TS  0|AC  0|TAMS 0x00000006c7100000, 0x00000006c7100000|
|   8|0x00000006c7200000, 0x00000006c7200000, 0x00000006c7300000|  0%| F|  |TS  0|AC  0|TAMS 0x00000006c7200000, 0x00000006c7200000|
|   9|0x00000006c7300000, 0x00000006c7300000, 0x00000006c7400000|  0%| F|  |TS  0|AC  0|TAMS 0x00000006c7300000, 0x00000006c7300000|
|  10|0x00000006c7400000, 0x00000006c7400000, 0x00000006c7500000|  0%| F|  |TS  0|AC  0|TAMS 0x00000006c7400000, 0x00000006c7400000|
|  11|0x00000006c7500000, 0x00000006c7500000, 0x00000006c7600000|  0%| F|  |TS  0|AC  0|TAMS 0x00000006c7500000, 0x00000006c7500000|
|  12|0x00000006c7600000, 0x00000006c7600000, 0x00000006c7700000|  0%| F|  |TS  0|AC  0|TAMS 0x00000006c7600000, 0x00000006c7600000|
|  13|0x00000006c7700000, 0x00000006c7700000, 0x00000006c7800000|  0%| F|  |TS  0|AC  0|TAMS 0x00000006c7700000, 0x00000006c7700000|
|  14|0x00000006c7800000, 0x00000006c7800000, 0x00000006c7900000|  0%| F|  |TS  0|AC  0|TAMS 0x00000006c7800000, 0x00000006c7800000|
|  15|0x00000006c7900000, 0x00000006c7900000, 0x00000006c7a00000|  0%| F|  |TS  0|AC  0|TAMS 0x00000006c7900000, 0x00000006c7900000|
|  16|0x00000006c7a00000, 0x00000006c7a00000, 0x00000006c7b00000|  0%| F|  |TS  0|AC  0|TAMS 0x00000006c7a00000, 0x00000006c7a00000|
|  17|0x00000006c7b00000, 0x00000006c7b00000, 0x00000006c7c00000|  0%| F|  |TS  0|AC  0|TAMS 0x00000006c7b00000, 0x00000006c7b00000|
|  18|0x00000006c7c00000, 0x00000006c7c00000, 0x00000006c7d00000|  0%| F|  |TS  0|AC  0|TAMS 0x00000006c7c00000, 0x00000006c7c00000|
|  19|0x00000006c7d00000, 0x00000006c7d00000, 0x00000006c7e00000|  0%| F|  |TS  0|AC  0|TAMS 0x00000006c7d00000, 0x00000006c7d00000|
|  20|0x00000006c7e00000, 0x00000006c7e00000, 0x00000006c7f00000|  0%| F|  |TS  0|AC  0|TAMS 0x00000006c7e00000, 0x00000006c7e00000|
|  21|0x00000006c7f00000, 0x00000006c7f00000, 0x00000006c8000000|  0%| F|  |TS  0|AC  0|TAMS 0x00000006c7f00000, 0x00000006c7f00000|
|  22|0x00000006c8000000, 0x00000006c8000000, 0x00000006c8100000|  0%| F|  |TS  0|AC  0|TAMS 0x00000006c8000000, 0x00000006c8000000|
|  23|0x00000006c8100000, 0x00000006c8100000, 0x00000006c8200000|  0%| F|  |TS  0|AC  0|TAMS 0x00000006c8100000, 0x00000006c8100000|
|  24|0x00000006c8200000, 0x00000006c8200000, 0x00000006c8300000|  0%| F|  |TS  0|AC  0|TAMS 0x00000006c8200000, 0x00000006c8200000|
|  25|0x00000006c8300000, 0x00000006c8300000, 0x00000006c8400000|  0%| F|  |TS  0|AC  0|TAMS 0x00000006c8300000, 0x00000006c8300000|
|  26|0x00000006c8400000, 0x00000006c8400000, 0x00000006c8500000|  0%| F|  |TS  0|AC  0|TAMS 0x00000006c8400000, 0x00000006c8400000|
|  27|0x00000006c8500000, 0x00000006c8500000, 0x00000006c8600000|  0%| F|  |TS  0|AC  0|TAMS 0x00000006c8500000, 0x00000006c8500000|
|  28|0x00000006c8600000, 0x00000006c8600000, 0x00000006c8700000|  0%| F|  |TS  0|AC  0|TAMS 0x00000006c8600000, 0x00000006c8600000|
|  29|0x00000006c8700000, 0x00000006c8700000, 0x00000006c8800000|  0%| F|  |TS  0|AC  0|TAMS 0x00000006c8700000, 0x00000006c8700000|
|  30|0x00000006c8800000, 0x00000006c8800000, 0x00000006c8900000|  0%| F|  |TS  0|AC  0|TAMS 0x00000006c8800000, 0x00000006c8800000|
|  31|0x00000006c8900000, 0x00000006c8900000, 0x00000006c8a00000|  0%| F|  |TS  0|AC  0|TAMS 0x00000006c8900000, 0x00000006c8900000|
|  32|0x00000006c8a00000, 0x00000006c8a00000, 0x00000006c8b00000|  0%| F|  |TS  0|AC  0|TAMS 0x00000006c8a00000, 0x00000006c8a00000|
|  33|0x00000006c8b00000, 0x00000006c8b00000, 0x00000006c8c00000|  0%| F|  |TS  0|AC  0|TAMS 0x00000006c8b00000, 0x00000006c8b00000|
|  34|0x00000006c8c00000, 0x00000006c8c00000, 0x00000006c8d00000|  0%| F|  |TS  0|AC  0|TAMS 0x00000006c8c00000, 0x00000006c8c00000|
|  35|0x00000006c8d00000, 0x00000006c8d00000, 0x00000006c8e00000|  0%| F|  |TS  0|AC  0|TAMS 0x00000006c8d00000, 0x00000006c8d00000|
|  36|0x00000006c8e00000, 0x00000006c8e00000, 0x00000006c8f00000|  0%| F|  |TS  0|AC  0|TAMS 0x00000006c8e00000, 0x00000006c8e00000|
|  37|0x00000006c8f00000, 0x00000006c8f00000, 0x00000006c9000000|  0%| F|  |TS  0|AC  0|TAMS 0x00000006c8f00000, 0x00000006c8f00000|
|  38|0x00000006c9000000, 0x00000006c9000000, 0x00000006c9100000|  0%| F|  |TS  0|AC  0|TAMS 0x00000006c9000000, 0x00000006c9000000|
|  39|0x00000006c9100000, 0x00000006c9100000, 0x00000006c9200000|  0%| F|  |TS  0|AC  0|TAMS 0x00000006c9100000, 0x00000006c9100000|
|  40|0x00000006c9200000, 0x00000006c9200000, 0x00000006c9300000|  0%| F|  |TS  0|AC  0|TAMS 0x00000006c9200000, 0x00000006c9200000|
|  41|0x00000006c9300000, 0x00000006c9300000, 0x00000006c9400000|  0%| F|  |TS  0|AC  0|TAMS 0x00000006c9300000, 0x00000006c9300000|
|  42|0x00000006c9400000, 0x00000006c9400000, 0x00000006c9500000|  0%| F|  |TS  0|AC  0|TAMS 0x00000006c9400000, 0x00000006c9400000|
|  43|0x00000006c9500000, 0x00000006c9500000, 0x00000006c9600000|  0%| F|  |TS  0|AC  0|TAMS 0x00000006c9500000, 0x00000006c9500000|
|  44|0x00000006c9600000, 0x00000006c9600000, 0x00000006c9700000|  0%| F|  |TS  0|AC  0|TAMS 0x00000006c9600000, 0x00000006c9600000|
|  45|0x00000006c9700000, 0x00000006c9700000, 0x00000006c9800000|  0%| F|  |TS  0|AC  0|TAMS 0x00000006c9700000, 0x00000006c9700000|
|  46|0x00000006c9800000, 0x00000006c9800000, 0x00000006c9900000|  0%| F|  |TS  0|AC  0|TAMS 0x00000006c9800000, 0x00000006c9800000|
|  47|0x00000006c9900000, 0x00000006c9900000, 0x00000006c9a00000|  0%| F|  |TS  0|AC  0|TAMS 0x00000006c9900000, 0x00000006c9900000|
|  48|0x00000006c9a00000, 0x00000006c9a00000, 0x00000006c9b00000|  0%| F|  |TS  0|AC  0|TAMS 0x00000006c9a00000, 0x00000006c9a00000|
|  49|0x00000006c9b00000, 0x00000006c9b00000, 0x00000006c9c00000|  0%| F|  |TS  0|AC  0|TAMS 0x00000006c9b00000, 0x00000006c9b00000|
|  50|0x00000006c9c00000, 0x00000006c9c00000, 0x00000006c9d00000|  0%| F|  |TS  0|AC  0|TAMS 0x00000006c9c00000, 0x00000006c9c00000|
|  51|0x00000006c9d00000, 0x00000006c9d00000, 0x00000006c9e00000|  0%| F|  |TS  0|AC  0|TAMS 0x00000006c9d00000, 0x00000006c9d00000|
|  52|0x00000006c9e00000, 0x00000006c9e00000, 0x00000006c9f00000|  0%| F|  |TS  0|AC  0|TAMS 0x00000006c9e00000, 0x00000006c9e00000|
|  53|0x00000006c9f00000, 0x00000006c9f00000, 0x00000006ca000000|  0%| F|  |TS  0|AC  0|TAMS 0x00000006c9f00000, 0x00000006c9f00000|
|  54|0x00000006ca000000, 0x00000006ca000000, 0x00000006ca100000|  0%| F|  |TS  0|AC  0|TAMS 0x00000006ca000000, 0x00000006ca000000|
|  55|0x00000006ca100000, 0x00000006ca100000, 0x00000006ca200000|  0%| F|  |TS  0|AC  0|TAMS 0x00000006ca100000, 0x00000006ca100000|
|  56|0x00000006ca200000, 0x00000006ca200000, 0x00000006ca300000|  0%| F|  |TS  0|AC  0|TAMS 0x00000006ca200000, 0x00000006ca200000|
|  57|0x00000006ca300000, 0x00000006ca300000, 0x00000006ca400000|  0%| F|  |TS  0|AC  0|TAMS 0x00000006ca300000, 0x00000006ca300000|
|  58|0x00000006ca400000, 0x00000006ca400000, 0x00000006ca500000|  0%| F|  |TS  0|AC  0|TAMS 0x00000006ca400000, 0x00000006ca400000|
|  59|0x00000006ca500000, 0x00000006ca500000, 0x00000006ca600000|  0%| F|  |TS  0|AC  0|TAMS 0x00000006ca500000, 0x00000006ca500000|
|  60|0x00000006ca600000, 0x00000006ca600000, 0x00000006ca700000|  0%| F|  |TS  0|AC  0|TAMS 0x00000006ca600000, 0x00000006ca600000|
|  61|0x00000006ca700000, 0x00000006ca700000, 0x00000006ca800000|  0%| F|  |TS  0|AC  0|TAMS 0x00000006ca700000, 0x00000006ca700000|
|  62|0x00000006ca800000, 0x00000006ca800000, 0x00000006ca900000|  0%| F|  |TS  0|AC  0|TAMS 0x00000006ca800000, 0x00000006ca800000|
|  63|0x00000006ca900000, 0x00000006ca900000, 0x00000006caa00000|  0%| F|  |TS  0|AC  0|TAMS 0x00000006ca900000, 0x00000006ca900000|
|  64|0x00000006caa00000, 0x00000006caa00000, 0x00000006cab00000|  0%| F|  |TS  0|AC  0|TAMS 0x00000006caa00000, 0x00000006caa00000|
|  65|0x00000006cab00000, 0x00000006cab00000, 0x00000006cac00000|  0%| F|  |TS  0|AC  0|TAMS 0x00000006cab00000, 0x00000006cab00000|
|  66|0x00000006cac00000, 0x00000006cac00000, 0x00000006cad00000|  0%| F|  |TS  0|AC  0|TAMS 0x00000006cac00000, 0x00000006cac00000|
|  67|0x00000006cad00000, 0x00000006cad00000, 0x00000006cae00000|  0%| F|  |TS  0|AC  0|TAMS 0x00000006cad00000, 0x00000006cad00000|
|  68|0x00000006cae00000, 0x00000006cae00000, 0x00000006caf00000|  0%| F|  |TS  0|AC  0|TAMS 0x00000006cae00000, 0x00000006cae00000|
|  69|0x00000006caf00000, 0x00000006caf00000, 0x00000006cb000000|  0%| F|  |TS  0|AC  0|TAMS 0x00000006caf00000, 0x00000006caf00000|
|  70|0x00000006cb000000, 0x00000006cb000000, 0x00000006cb100000|  0%| F|  |TS  0|AC  0|TAMS 0x00000006cb000000, 0x00000006cb000000|
|  71|0x00000006cb100000, 0x00000006cb100000, 0x00000006cb200000|  0%| F|  |TS  0|AC  0|TAMS 0x00000006cb100000, 0x00000006cb100000|
|  72|0x00000006cb200000, 0x00000006cb200000, 0x00000006cb300000|  0%| F|  |TS  0|AC  0|TAMS 0x00000006cb200000, 0x00000006cb200000|
|  73|0x00000006cb300000, 0x00000006cb300000, 0x00000006cb400000|  0%| F|  |TS  0|AC  0|TAMS 0x00000006cb300000, 0x00000006cb300000|
|  74|0x00000006cb400000, 0x00000006cb400000, 0x00000006cb500000|  0%| F|  |TS  0|AC  0|TAMS 0x00000006cb400000, 0x00000006cb400000|
|  75|0x00000006cb500000, 0x00000006cb500000, 0x00000006cb600000|  0%| F|  |TS  0|AC  0|TAMS 0x00000006cb500000, 0x00000006cb500000|
|  76|0x00000006cb600000, 0x00000006cb600000, 0x00000006cb700000|  0%| F|  |TS  0|AC  0|TAMS 0x00000006cb600000, 0x00000006cb600000|
|  77|0x00000006cb700000, 0x00000006cb700000, 0x00000006cb800000|  0%| F|  |TS  0|AC  0|TAMS 0x00000006cb700000, 0x00000006cb700000|
|  78|0x00000006cb800000, 0x00000006cb800000, 0x00000006cb900000|  0%| F|  |TS  0|AC  0|TAMS 0x00000006cb800000, 0x00000006cb800000|
|  79|0x00000006cb900000, 0x00000006cb900000, 0x00000006cba00000|  0%| F|  |TS  0|AC  0|TAMS 0x00000006cb900000, 0x00000006cb900000|
|  80|0x00000006cba00000, 0x00000006cba00000, 0x00000006cbb00000|  0%| F|  |TS  0|AC  0|TAMS 0x00000006cba00000, 0x00000006cba00000|
|  81|0x00000006cbb00000, 0x00000006cbb00000, 0x00000006cbc00000|  0%| F|  |TS  0|AC  0|TAMS 0x00000006cbb00000, 0x00000006cbb00000|
|  82|0x00000006cbc00000, 0x00000006cbc00000, 0x00000006cbd00000|  0%| F|  |TS  0|AC  0|TAMS 0x00000006cbc00000, 0x00000006cbc00000|
|  83|0x00000006cbd00000, 0x00000006cbd00000, 0x00000006cbe00000|  0%| F|  |TS  0|AC  0|TAMS 0x00000006cbd00000, 0x00000006cbd00000|
|  84|0x00000006cbe00000, 0x00000006cbe00000, 0x00000006cbf00000|  0%| F|  |TS  0|AC  0|TAMS 0x00000006cbe00000, 0x00000006cbe00000|
|  85|0x00000006cbf00000, 0x00000006cbf00000, 0x00000006cc000000|  0%| F|  |TS  0|AC  0|TAMS 0x00000006cbf00000, 0x00000006cbf00000|
|  86|0x00000006cc000000, 0x00000006cc000000, 0x00000006cc100000|  0%| F|  |TS  0|AC  0|TAMS 0x00000006cc000000, 0x00000006cc000000|
|  87|0x00000006cc100000, 0x00000006cc100000, 0x00000006cc200000|  0%| F|  |TS  0|AC  0|TAMS 0x00000006cc100000, 0x00000006cc100000|
|  88|0x00000006cc200000, 0x00000006cc200000, 0x00000006cc300000|  0%| F|  |TS  0|AC  0|TAMS 0x00000006cc200000, 0x00000006cc200000|
|  89|0x00000006cc300000, 0x00000006cc300000, 0x00000006cc400000|  0%| F|  |TS  0|AC  0|TAMS 0x00000006cc300000, 0x00000006cc300000|
|  90|0x00000006cc400000, 0x00000006cc400000, 0x00000006cc500000|  0%| F|  |TS  0|AC  0|TAMS 0x00000006cc400000, 0x00000006cc400000|
|  91|0x00000006cc500000, 0x00000006cc500000, 0x00000006cc600000|  0%| F|  |TS  0|AC  0|TAMS 0x00000006cc500000, 0x00000006cc500000|
|  92|0x00000006cc600000, 0x00000006cc600000, 0x00000006cc700000|  0%| F|  |TS  0|AC  0|TAMS 0x00000006cc600000, 0x00000006cc600000|
|  93|0x00000006cc700000, 0x00000006cc700000, 0x00000006cc800000|  0%| F|  |TS  0|AC  0|TAMS 0x00000006cc700000, 0x00000006cc700000|
|  94|0x00000006cc800000, 0x00000006cc800000, 0x00000006cc900000|  0%| F|  |TS  0|AC  0|TAMS 0x00000006cc800000, 0x00000006cc800000|
|  95|0x00000006cc900000, 0x00000006cc900000, 0x00000006cca00000|  0%| F|  |TS  0|AC  0|TAMS 0x00000006cc900000, 0x00000006cc900000|
|  96|0x00000006cca00000, 0x00000006cca00000, 0x00000006ccb00000|  0%| F|  |TS  0|AC  0|TAMS 0x00000006cca00000, 0x00000006cca00000|
|  97|0x00000006ccb00000, 0x00000006ccb00000, 0x00000006ccc00000|  0%| F|  |TS  0|AC  0|TAMS 0x00000006ccb00000, 0x00000006ccb00000|
|  98|0x00000006ccc00000, 0x00000006ccc00000, 0x00000006ccd00000|  0%| F|  |TS  0|AC  0|TAMS 0x00000006ccc00000, 0x00000006ccc00000|
|  99|0x00000006ccd00000, 0x00000006ccd00000, 0x00000006cce00000|  0%| F|  |TS  0|AC  0|TAMS 0x00000006ccd00000, 0x00000006ccd00000|
| 100|0x00000006cce00000, 0x00000006cce00000, 0x00000006ccf00000|  0%| F|  |TS  0|AC  0|TAMS 0x00000006cce00000, 0x00000006cce00000|
| 101|0x00000006ccf00000, 0x00000006ccf00000, 0x00000006cd000000|  0%| F|  |TS  0|AC  0|TAMS 0x00000006ccf00000, 0x00000006ccf00000|
| 102|0x00000006cd000000, 0x00000006cd000000, 0x00000006cd100000|  0%| F|  |TS  0|AC  0|TAMS 0x00000006cd000000, 0x00000006cd000000|
| 103|0x00000006cd100000, 0x00000006cd100000, 0x00000006cd200000|  0%| F|  |TS  0|AC  0|TAMS 0x00000006cd100000, 0x00000006cd100000|
| 104|0x00000006cd200000, 0x00000006cd200000, 0x00000006cd300000|  0%| F|  |TS  0|AC  0|TAMS 0x00000006cd200000, 0x00000006cd200000|
| 105|0x00000006cd300000, 0x00000006cd300000, 0x00000006cd400000|  0%| F|  |TS  0|AC  0|TAMS 0x00000006cd300000, 0x00000006cd300000|
| 106|0x00000006cd400000, 0x00000006cd400000, 0x00000006cd500000|  0%| F|  |TS  0|AC  0|TAMS 0x00000006cd400000, 0x00000006cd400000|
| 107|0x00000006cd500000, 0x00000006cd500000, 0x00000006cd600000|  0%| F|  |TS  0|AC  0|TAMS 0x00000006cd500000, 0x00000006cd500000|
| 108|0x00000006cd600000, 0x00000006cd600000, 0x00000006cd700000|  0%| F|  |TS  0|AC  0|TAMS 0x00000006cd600000, 0x00000006cd600000|
| 109|0x00000006cd700000, 0x00000006cd700000, 0x00000006cd800000|  0%| F|  |TS  0|AC  0|TAMS 0x00000006cd700000, 0x00000006cd700000|
| 110|0x00000006cd800000, 0x00000006cd800000, 0x00000006cd900000|  0%| F|  |TS  0|AC  0|TAMS 0x00000006cd800000, 0x00000006cd800000|
| 111|0x00000006cd900000, 0x00000006cd900000, 0x00000006cda00000|  0%| F|  |TS  0|AC  0|TAMS 0x00000006cd900000, 0x00000006cd900000|
| 112|0x00000006cda00000, 0x00000006cda00000, 0x00000006cdb00000|  0%| F|  |TS  0|AC  0|TAMS 0x00000006cda00000, 0x00000006cda00000|
| 113|0x00000006cdb00000, 0x00000006cdb00000, 0x00000006cdc00000|  0%| F|  |TS  0|AC  0|TAMS 0x00000006cdb00000, 0x00000006cdb00000|
| 114|0x00000006cdc00000, 0x00000006cdc00000, 0x00000006cdd00000|  0%| F|  |TS  0|AC  0|TAMS 0x00000006cdc00000, 0x00000006cdc00000|
| 115|0x00000006cdd00000, 0x00000006cdd00000, 0x00000006cde00000|  0%| F|  |TS  0|AC  0|TAMS 0x00000006cdd00000, 0x00000006cdd00000|
| 116|0x00000006cde00000, 0x00000006cde00000, 0x00000006cdf00000|  0%| F|  |TS  0|AC  0|TAMS 0x00000006cde00000, 0x00000006cde00000|
| 117|0x00000006cdf00000, 0x00000006cdf00000, 0x00000006ce000000|  0%| F|  |TS  0|AC  0|TAMS 0x00000006cdf00000, 0x00000006cdf00000|
| 118|0x00000006ce000000, 0x00000006ce000000, 0x00000006ce100000|  0%| F|  |TS  0|AC  0|TAMS 0x00000006ce000000, 0x00000006ce000000|
| 119|0x00000006ce100000, 0x00000006ce100000, 0x00000006ce200000|  0%| F|  |TS  0|AC  0|TAMS 0x00000006ce100000, 0x00000006ce100000|
| 120|0x00000006ce200000, 0x00000006ce200000, 0x00000006ce300000|  0%| F|  |TS  0|AC  0|TAMS 0x00000006ce200000, 0x00000006ce200000|
| 121|0x00000006ce300000, 0x00000006ce300000, 0x00000006ce400000|  0%| F|  |TS  0|AC  0|TAMS 0x00000006ce300000, 0x00000006ce300000|
| 122|0x00000006ce400000, 0x00000006ce400000, 0x00000006ce500000|  0%| F|  |TS  0|AC  0|TAMS 0x00000006ce400000, 0x00000006ce400000|
| 123|0x00000006ce500000, 0x00000006ce500000, 0x00000006ce600000|  0%| F|  |TS  0|AC  0|TAMS 0x00000006ce500000, 0x00000006ce500000|
| 124|0x00000006ce600000, 0x00000006ce600000, 0x00000006ce700000|  0%| F|  |TS  0|AC  0|TAMS 0x00000006ce600000, 0x00000006ce600000|
| 125|0x00000006ce700000, 0x00000006ce700000, 0x00000006ce800000|  0%| F|  |TS  0|AC  0|TAMS 0x00000006ce700000, 0x00000006ce700000|
| 126|0x00000006ce800000, 0x00000006ce800000, 0x00000006ce900000|  0%| F|  |TS  0|AC  0|TAMS 0x00000006ce800000, 0x00000006ce800000|
| 127|0x00000006ce900000, 0x00000006ce900000, 0x00000006cea00000|  0%| F|  |TS  0|AC  0|TAMS 0x00000006ce900000, 0x00000006ce900000|
| 128|0x00000006cea00000, 0x00000006cea00000, 0x00000006ceb00000|  0%| F|  |TS  0|AC  0|TAMS 0x00000006cea00000, 0x00000006cea00000|
| 129|0x00000006ceb00000, 0x00000006ceb00000, 0x00000006cec00000|  0%| F|  |TS  0|AC  0|TAMS 0x00000006ceb00000, 0x00000006ceb00000|
| 130|0x00000006cec00000, 0x00000006cec00000, 0x00000006ced00000|  0%| F|  |TS  0|AC  0|TAMS 0x00000006cec00000, 0x00000006cec00000|
| 131|0x00000006ced00000, 0x00000006ced00000, 0x00000006cee00000|  0%| F|  |TS  0|AC  0|TAMS 0x00000006ced00000, 0x00000006ced00000|
| 132|0x00000006cee00000, 0x00000006cee00000, 0x00000006cef00000|  0%| F|  |TS  0|AC  0|TAMS 0x00000006cee00000, 0x00000006cee00000|
| 133|0x00000006cef00000, 0x00000006cef00000, 0x00000006cf000000|  0%| F|  |TS  0|AC  0|TAMS 0x00000006cef00000, 0x00000006cef00000|
| 134|0x00000006cf000000, 0x00000006cf000000, 0x00000006cf100000|  0%| F|  |TS  0|AC  0|TAMS 0x00000006cf000000, 0x00000006cf000000|
| 135|0x00000006cf100000, 0x00000006cf100000, 0x00000006cf200000|  0%| F|  |TS  0|AC  0|TAMS 0x00000006cf100000, 0x00000006cf100000|
| 136|0x00000006cf200000, 0x00000006cf200000, 0x00000006cf300000|  0%| F|  |TS  0|AC  0|TAMS 0x00000006cf200000, 0x00000006cf200000|
| 137|0x00000006cf300000, 0x00000006cf300000, 0x00000006cf400000|  0%| F|  |TS  0|AC  0|TAMS 0x00000006cf300000, 0x00000006cf300000|
| 138|0x00000006cf400000, 0x00000006cf400000, 0x00000006cf500000|  0%| F|  |TS  0|AC  0|TAMS 0x00000006cf400000, 0x00000006cf400000|
| 139|0x00000006cf500000, 0x00000006cf500000, 0x00000006cf600000|  0%| F|  |TS  0|AC  0|TAMS 0x00000006cf500000, 0x00000006cf500000|
| 140|0x00000006cf600000, 0x00000006cf600000, 0x00000006cf700000|  0%| F|  |TS  0|AC  0|TAMS 0x00000006cf600000, 0x00000006cf600000|
| 141|0x00000006cf700000, 0x00000006cf700000, 0x00000006cf800000|  0%| F|  |TS  0|AC  0|TAMS 0x00000006cf700000, 0x00000006cf700000|
| 142|0x00000006cf800000, 0x00000006cf800000, 0x00000006cf900000|  0%| F|  |TS  0|AC  0|TAMS 0x00000006cf800000, 0x00000006cf800000|
| 143|0x00000006cf900000, 0x00000006cf900000, 0x00000006cfa00000|  0%| F|  |TS  0|AC  0|TAMS 0x00000006cf900000, 0x00000006cf900000|
| 144|0x00000006cfa00000, 0x00000006cfa00000, 0x00000006cfb00000|  0%| F|  |TS  0|AC  0|TAMS 0x00000006cfa00000, 0x00000006cfa00000|
| 145|0x00000006cfb00000, 0x00000006cfb00000, 0x00000006cfc00000|  0%| F|  |TS  0|AC  0|TAMS 0x00000006cfb00000, 0x00000006cfb00000|
| 146|0x00000006cfc00000, 0x00000006cfc00000, 0x00000006cfd00000|  0%| F|  |TS  0|AC  0|TAMS 0x00000006cfc00000, 0x00000006cfc00000|
| 147|0x00000006cfd00000, 0x00000006cfd00000, 0x00000006cfe00000|  0%| F|  |TS  0|AC  0|TAMS 0x00000006cfd00000, 0x00000006cfd00000|
| 148|0x00000006cfe00000, 0x00000006cfe00000, 0x00000006cff00000|  0%| F|  |TS  0|AC  0|TAMS 0x00000006cfe00000, 0x00000006cfe00000|
| 149|0x00000006cff00000, 0x00000006cff00000, 0x00000006d0000000|  0%| F|  |TS  0|AC  0|TAMS 0x00000006cff00000, 0x00000006cff00000|
| 150|0x00000006d0000000, 0x00000006d0000000, 0x00000006d0100000|  0%| F|  |TS  0|AC  0|TAMS 0x00000006d0000000, 0x00000006d0000000|
| 151|0x00000006d0100000, 0x00000006d0100000, 0x00000006d0200000|  0%| F|  |TS  0|AC  0|TAMS 0x00000006d0100000, 0x00000006d0100000|
| 152|0x00000006d0200000, 0x00000006d0200000, 0x00000006d0300000|  0%| F|  |TS  0|AC  0|TAMS 0x00000006d0200000, 0x00000006d0200000|
| 153|0x00000006d0300000, 0x00000006d0300000, 0x00000006d0400000|  0%| F|  |TS  0|AC  0|TAMS 0x00000006d0300000, 0x00000006d0300000|
| 154|0x00000006d0400000, 0x00000006d0400000, 0x00000006d0500000|  0%| F|  |TS  0|AC  0|TAMS 0x00000006d0400000, 0x00000006d0400000|
| 155|0x00000006d0500000, 0x00000006d0500000, 0x00000006d0600000|  0%| F|  |TS  0|AC  0|TAMS 0x00000006d0500000, 0x00000006d0500000|
| 156|0x00000006d0600000, 0x00000006d0600000, 0x00000006d0700000|  0%| F|  |TS  0|AC  0|TAMS 0x00000006d0600000, 0x00000006d0600000|
| 157|0x00000006d0700000, 0x00000006d0700000, 0x00000006d0800000|  0%| F|  |TS  0|AC  0|TAMS 0x00000006d0700000, 0x00000006d0700000|
| 158|0x00000006d0800000, 0x00000006d0800000, 0x00000006d0900000|  0%| F|  |TS  0|AC  0|TAMS 0x00000006d0800000, 0x00000006d0800000|
| 159|0x00000006d0900000, 0x00000006d0900000, 0x00000006d0a00000|  0%| F|  |TS  0|AC  0|TAMS 0x00000006d0900000, 0x00000006d0900000|
| 160|0x00000006d0a00000, 0x00000006d0a00000, 0x00000006d0b00000|  0%| F|  |TS  0|AC  0|TAMS 0x00000006d0a00000, 0x00000006d0a00000|
| 161|0x00000006d0b00000, 0x00000006d0b00000, 0x00000006d0c00000|  0%| F|  |TS  0|AC  0|TAMS 0x00000006d0b00000, 0x00000006d0b00000|
| 162|0x00000006d0c00000, 0x00000006d0c00000, 0x00000006d0d00000|  0%| F|  |TS  0|AC  0|TAMS 0x00000006d0c00000, 0x00000006d0c00000|
| 163|0x00000006d0d00000, 0x00000006d0d00000, 0x00000006d0e00000|  0%| F|  |TS  0|AC  0|TAMS 0x00000006d0d00000, 0x00000006d0d00000|
| 164|0x00000006d0e00000, 0x00000006d0e00000, 0x00000006d0f00000|  0%| F|  |TS  0|AC  0|TAMS 0x00000006d0e00000, 0x00000006d0e00000|
| 165|0x00000006d0f00000, 0x00000006d0f00000, 0x00000006d1000000|  0%| F|  |TS  0|AC  0|TAMS 0x00000006d0f00000, 0x00000006d0f00000|
| 166|0x00000006d1000000, 0x00000006d1000000, 0x00000006d1100000|  0%| F|  |TS  0|AC  0|TAMS 0x00000006d1000000, 0x00000006d1000000|
| 167|0x00000006d1100000, 0x00000006d1100000, 0x00000006d1200000|  0%| F|  |TS  0|AC  0|TAMS 0x00000006d1100000, 0x00000006d1100000|
| 168|0x00000006d1200000, 0x00000006d1200000, 0x00000006d1300000|  0%| F|  |TS  0|AC  0|TAMS 0x00000006d1200000, 0x00000006d1200000|
| 169|0x00000006d1300000, 0x00000006d1300000, 0x00000006d1400000|  0%| F|  |TS  0|AC  0|TAMS 0x00000006d1300000, 0x00000006d1300000|
| 170|0x00000006d1400000, 0x00000006d1400000, 0x00000006d1500000|  0%| F|  |TS  0|AC  0|TAMS 0x00000006d1400000, 0x00000006d1400000|
| 171|0x00000006d1500000, 0x00000006d1500000, 0x00000006d1600000|  0%| F|  |TS  0|AC  0|TAMS 0x00000006d1500000, 0x00000006d1500000|
| 172|0x00000006d1600000, 0x00000006d1600000, 0x00000006d1700000|  0%| F|  |TS  0|AC  0|TAMS 0x00000006d1600000, 0x00000006d1600000|
| 173|0x00000006d1700000, 0x00000006d1700000, 0x00000006d1800000|  0%| F|  |TS  0|AC  0|TAMS 0x00000006d1700000, 0x00000006d1700000|
| 174|0x00000006d1800000, 0x00000006d1800000, 0x00000006d1900000|  0%| F|  |TS  0|AC  0|TAMS 0x00000006d1800000, 0x00000006d1800000|
| 175|0x00000006d1900000, 0x00000006d1900000, 0x00000006d1a00000|  0%| F|  |TS  0|AC  0|TAMS 0x00000006d1900000, 0x00000006d1900000|
| 176|0x00000006d1a00000, 0x00000006d1a00000, 0x00000006d1b00000|  0%| F|  |TS  0|AC  0|TAMS 0x00000006d1a00000, 0x00000006d1a00000|
| 177|0x00000006d1b00000, 0x00000006d1b00000, 0x00000006d1c00000|  0%| F|  |TS  0|AC  0|TAMS 0x00000006d1b00000, 0x00000006d1b00000|
| 178|0x00000006d1c00000, 0x00000006d1c00000, 0x00000006d1d00000|  0%| F|  |TS  0|AC  0|TAMS 0x00000006d1c00000, 0x00000006d1c00000|
| 179|0x00000006d1d00000, 0x00000006d1d00000, 0x00000006d1e00000|  0%| F|  |TS  0|AC  0|TAMS 0x00000006d1d00000, 0x00000006d1d00000|
| 180|0x00000006d1e00000, 0x00000006d1e00000, 0x00000006d1f00000|  0%| F|  |TS  0|AC  0|TAMS 0x00000006d1e00000, 0x00000006d1e00000|
| 181|0x00000006d1f00000, 0x00000006d1f00000, 0x00000006d2000000|  0%| F|  |TS  0|AC  0|TAMS 0x00000006d1f00000, 0x00000006d1f00000|
| 182|0x00000006d2000000, 0x00000006d2000000, 0x00000006d2100000|  0%| F|  |TS  0|AC  0|TAMS 0x00000006d2000000, 0x00000006d2000000|
| 183|0x00000006d2100000, 0x00000006d2100000, 0x00000006d2200000|  0%| F|  |TS  0|AC  0|TAMS 0x00000006d2100000, 0x00000006d2100000|
| 184|0x00000006d2200000, 0x00000006d2200000, 0x00000006d2300000|  0%| F|  |TS  0|AC  0|TAMS 0x00000006d2200000, 0x00000006d2200000|
| 185|0x00000006d2300000, 0x00000006d2300000, 0x00000006d2400000|  0%| F|  |TS  0|AC  0|TAMS 0x00000006d2300000, 0x00000006d2300000|
| 186|0x00000006d2400000, 0x00000006d2400000, 0x00000006d2500000|  0%| F|  |TS  0|AC  0|TAMS 0x00000006d2400000, 0x00000006d2400000|
| 187|0x00000006d2500000, 0x00000006d2500000, 0x00000006d2600000|  0%| F|  |TS  0|AC  0|TAMS 0x00000006d2500000, 0x00000006d2500000|
| 188|0x00000006d2600000, 0x00000006d2600000, 0x00000006d2700000|  0%| F|  |TS  0|AC  0|TAMS 0x00000006d2600000, 0x00000006d2600000|
| 189|0x00000006d2700000, 0x00000006d2700000, 0x00000006d2800000|  0%| F|  |TS  0|AC  0|TAMS 0x00000006d2700000, 0x00000006d2700000|
| 190|0x00000006d2800000, 0x00000006d2800000, 0x00000006d2900000|  0%| F|  |TS  0|AC  0|TAMS 0x00000006d2800000, 0x00000006d2800000|
| 191|0x00000006d2900000, 0x00000006d2900000, 0x00000006d2a00000|  0%| F|  |TS  0|AC  0|TAMS 0x00000006d2900000, 0x00000006d2900000|
| 192|0x00000006d2a00000, 0x00000006d2a00000, 0x00000006d2b00000|  0%| F|  |TS  0|AC  0|TAMS 0x00000006d2a00000, 0x00000006d2a00000|
| 193|0x00000006d2b00000, 0x00000006d2b00000, 0x00000006d2c00000|  0%| F|  |TS  0|AC  0|TAMS 0x00000006d2b00000, 0x00000006d2b00000|
| 194|0x00000006d2c00000, 0x00000006d2c00000, 0x00000006d2d00000|  0%| F|  |TS  0|AC  0|TAMS 0x00000006d2c00000, 0x00000006d2c00000|
| 195|0x00000006d2d00000, 0x00000006d2d00000, 0x00000006d2e00000|  0%| F|  |TS  0|AC  0|TAMS 0x00000006d2d00000, 0x00000006d2d00000|
| 196|0x00000006d2e00000, 0x00000006d2e00000, 0x00000006d2f00000|  0%| F|  |TS  0|AC  0|TAMS 0x00000006d2e00000, 0x00000006d2e00000|
| 197|0x00000006d2f00000, 0x00000006d2f00000, 0x00000006d3000000|  0%| F|  |TS  0|AC  0|TAMS 0x00000006d2f00000, 0x00000006d2f00000|
| 198|0x00000006d3000000, 0x00000006d3000000, 0x00000006d3100000|  0%| F|  |TS  0|AC  0|TAMS 0x00000006d3000000, 0x00000006d3000000|
| 199|0x00000006d3100000, 0x00000006d3100000, 0x00000006d3200000|  0%| F|  |TS  0|AC  0|TAMS 0x00000006d3100000, 0x00000006d3100000|
| 200|0x00000006d3200000, 0x00000006d3200000, 0x00000006d3300000|  0%| F|  |TS  0|AC  0|TAMS 0x00000006d3200000, 0x00000006d3200000|
| 201|0x00000006d3300000, 0x00000006d3300000, 0x00000006d3400000|  0%| F|  |TS  0|AC  0|TAMS 0x00000006d3300000, 0x00000006d3300000|
| 202|0x00000006d3400000, 0x00000006d3400000, 0x00000006d3500000|  0%| F|  |TS  0|AC  0|TAMS 0x00000006d3400000, 0x00000006d3400000|
| 203|0x00000006d3500000, 0x00000006d3500000, 0x00000006d3600000|  0%| F|  |TS  0|AC  0|TAMS 0x00000006d3500000, 0x00000006d3500000|
| 204|0x00000006d3600000, 0x00000006d3600000, 0x00000006d3700000|  0%| F|  |TS  0|AC  0|TAMS 0x00000006d3600000, 0x00000006d3600000|
| 205|0x00000006d3700000, 0x00000006d3700000, 0x00000006d3800000|  0%| F|  |TS  0|AC  0|TAMS 0x00000006d3700000, 0x00000006d3700000|
| 206|0x00000006d3800000, 0x00000006d3800000, 0x00000006d3900000|  0%| F|  |TS  0|AC  0|TAMS 0x00000006d3800000, 0x00000006d3800000|
| 207|0x00000006d3900000, 0x00000006d3900000, 0x00000006d3a00000|  0%| F|  |TS  0|AC  0|TAMS 0x00000006d3900000, 0x00000006d3900000|
| 208|0x00000006d3a00000, 0x00000006d3a00000, 0x00000006d3b00000|  0%| F|  |TS  0|AC  0|TAMS 0x00000006d3a00000, 0x00000006d3a00000|
| 209|0x00000006d3b00000, 0x00000006d3b00000, 0x00000006d3c00000|  0%| F|  |TS  0|AC  0|TAMS 0x00000006d3b00000, 0x00000006d3b00000|
| 210|0x00000006d3c00000, 0x00000006d3c00000, 0x00000006d3d00000|  0%| F|  |TS  0|AC  0|TAMS 0x00000006d3c00000, 0x00000006d3c00000|
| 211|0x00000006d3d00000, 0x00000006d3d00000, 0x00000006d3e00000|  0%| F|  |TS  0|AC  0|TAMS 0x00000006d3d00000, 0x00000006d3d00000|
| 212|0x00000006d3e00000, 0x00000006d3e00000, 0x00000006d3f00000|  0%| F|  |TS  0|AC  0|TAMS 0x00000006d3e00000, 0x00000006d3e00000|
| 213|0x00000006d3f00000, 0x00000006d3f00000, 0x00000006d4000000|  0%| F|  |TS  0|AC  0|TAMS 0x00000006d3f00000, 0x00000006d3f00000|
| 214|0x00000006d4000000, 0x00000006d4000000, 0x00000006d4100000|  0%| F|  |TS  0|AC  0|TAMS 0x00000006d4000000, 0x00000006d4000000|
| 215|0x00000006d4100000, 0x00000006d4100000, 0x00000006d4200000|  0%| F|  |TS  0|AC  0|TAMS 0x00000006d4100000, 0x00000006d4100000|
| 216|0x00000006d4200000, 0x00000006d4200000, 0x00000006d4300000|  0%| F|  |TS  0|AC  0|TAMS 0x00000006d4200000, 0x00000006d4200000|
| 217|0x00000006d4300000, 0x00000006d4300000, 0x00000006d4400000|  0%| F|  |TS  0|AC  0|TAMS 0x00000006d4300000, 0x00000006d4300000|
| 218|0x00000006d4400000, 0x00000006d4400000, 0x00000006d4500000|  0%| F|  |TS  0|AC  0|TAMS 0x00000006d4400000, 0x00000006d4400000|
| 219|0x00000006d4500000, 0x00000006d4500000, 0x00000006d4600000|  0%| F|  |TS  0|AC  0|TAMS 0x00000006d4500000, 0x00000006d4500000|
| 220|0x00000006d4600000, 0x00000006d4600000, 0x00000006d4700000|  0%| F|  |TS  0|AC  0|TAMS 0x00000006d4600000, 0x00000006d4600000|
| 221|0x00000006d4700000, 0x00000006d4700000, 0x00000006d4800000|  0%| F|  |TS  0|AC  0|TAMS 0x00000006d4700000, 0x00000006d4700000|
| 222|0x00000006d4800000, 0x00000006d4800000, 0x00000006d4900000|  0%| F|  |TS  0|AC  0|TAMS 0x00000006d4800000, 0x00000006d4800000|
| 223|0x00000006d4900000, 0x00000006d4900000, 0x00000006d4a00000|  0%| F|  |TS  0|AC  0|TAMS 0x00000006d4900000, 0x00000006d4900000|
| 224|0x00000006d4a00000, 0x00000006d4a00000, 0x00000006d4b00000|  0%| F|  |TS  0|AC  0|TAMS 0x00000006d4a00000, 0x00000006d4a00000|
| 225|0x00000006d4b00000, 0x00000006d4b00000, 0x00000006d4c00000|  0%| F|  |TS  0|AC  0|TAMS 0x00000006d4b00000, 0x00000006d4b00000|
| 226|0x00000006d4c00000, 0x00000006d4c00000, 0x00000006d4d00000|  0%| F|  |TS  0|AC  0|TAMS 0x00000006d4c00000, 0x00000006d4c00000|
| 227|0x00000006d4d00000, 0x00000006d4d00000, 0x00000006d4e00000|  0%| F|  |TS  0|AC  0|TAMS 0x00000006d4d00000, 0x00000006d4d00000|
| 228|0x00000006d4e00000, 0x00000006d4e00000, 0x00000006d4f00000|  0%| F|  |TS  0|AC  0|TAMS 0x00000006d4e00000, 0x00000006d4e00000|
| 229|0x00000006d4f00000, 0x00000006d4f00000, 0x00000006d5000000|  0%| F|  |TS  0|AC  0|TAMS 0x00000006d4f00000, 0x00000006d4f00000|
| 230|0x00000006d5000000, 0x00000006d5000000, 0x00000006d5100000|  0%| F|  |TS  0|AC  0|TAMS 0x00000006d5000000, 0x00000006d5000000|
| 231|0x00000006d5100000, 0x00000006d5100000, 0x00000006d5200000|  0%| F|  |TS  0|AC  0|TAMS 0x00000006d5100000, 0x00000006d5100000|
| 232|0x00000006d5200000, 0x00000006d5200000, 0x00000006d5300000|  0%| F|  |TS  0|AC  0|TAMS 0x00000006d5200000, 0x00000006d5200000|
| 233|0x00000006d5300000, 0x00000006d5300000, 0x00000006d5400000|  0%| F|  |TS  0|AC  0|TAMS 0x00000006d5300000, 0x00000006d5300000|
| 234|0x00000006d5400000, 0x00000006d5400000, 0x00000006d5500000|  0%| F|  |TS  0|AC  0|TAMS 0x00000006d5400000, 0x00000006d5400000|
| 235|0x00000006d5500000, 0x00000006d5500000, 0x00000006d5600000|  0%| F|  |TS  0|AC  0|TAMS 0x00000006d5500000, 0x00000006d5500000|
| 236|0x00000006d5600000, 0x00000006d5600000, 0x00000006d5700000|  0%| F|  |TS  0|AC  0|TAMS 0x00000006d5600000, 0x00000006d5600000|
| 237|0x00000006d5700000, 0x00000006d5700000, 0x00000006d5800000|  0%| F|  |TS  0|AC  0|TAMS 0x00000006d5700000, 0x00000006d5700000|
| 238|0x00000006d5800000, 0x00000006d5800000, 0x00000006d5900000|  0%| F|  |TS  0|AC  0|TAMS 0x00000006d5800000, 0x00000006d5800000|
| 239|0x00000006d5900000, 0x00000006d5900000, 0x00000006d5a00000|  0%| F|  |TS  0|AC  0|TAMS 0x00000006d5900000, 0x00000006d5900000|
| 240|0x00000006d5a00000, 0x00000006d5a00000, 0x00000006d5b00000|  0%| F|  |TS  0|AC  0|TAMS 0x00000006d5a00000, 0x00000006d5a00000|
| 241|0x00000006d5b00000, 0x00000006d5bbcab0, 0x00000006d5c00000| 73%| E|  |TS  0|AC  0|TAMS 0x00000006d5b00000, 0x00000006d5b00000|
| 242|0x00000006d5c00000, 0x00000006d5d00000, 0x00000006d5d00000|100%| E|CS|TS  0|AC  0|TAMS 0x00000006d5c00000, 0x00000006d5c00000|
| 243|0x00000006d5d00000, 0x00000006d5e00000, 0x00000006d5e00000|100%| E|CS|TS  0|AC  0|TAMS 0x00000006d5d00000, 0x00000006d5d00000|
| 244|0x00000006d5e00000, 0x00000006d5f00000, 0x00000006d5f00000|100%| E|CS|TS  0|AC  0|TAMS 0x00000006d5e00000, 0x00000006d5e00000|
| 245|0x00000006d5f00000, 0x00000006d6000000, 0x00000006d6000000|100%| E|CS|TS  0|AC  0|TAMS 0x00000006d5f00000, 0x00000006d5f00000|
| 246|0x00000006d6000000, 0x00000006d6100000, 0x00000006d6100000|100%| E|CS|TS  0|AC  0|TAMS 0x00000006d6000000, 0x00000006d6000000|
| 247|0x00000006d6100000, 0x00000006d6200000, 0x00000006d6200000|100%| E|CS|TS  0|AC  0|TAMS 0x00000006d6100000, 0x00000006d6100000|
| 248|0x00000006d6200000, 0x00000006d6300000, 0x00000006d6300000|100%| E|CS|TS  0|AC  0|TAMS 0x00000006d6200000, 0x00000006d6200000|
| 249|0x00000006d6300000, 0x00000006d6400000, 0x00000006d6400000|100%| E|CS|TS  0|AC  0|TAMS 0x00000006d6300000, 0x00000006d6300000|

Card table byte_map: [0x00007fdc2f06a000,0x00007fdc2f835000] byte_map_base: 0x00007fdc2ba35000

Marking Bits (Prev, Next): (CMBitMap*) 0x00007fdc6c088ab0, (CMBitMap*) 0x00007fdc6c088b08
 Prev Bits: [0x00007fdc2aa47000, 0x00007fdc2e89f000)
 Next Bits: [0x00007fdc26bef000, 0x00007fdc2aa47000)

Polling page: 0x00007fdc73773000

CodeHeap 'non-nmethods': size=5696Kb used=1246Kb max_used=1253Kb free=4449Kb
 bounds [0x00007fdc55843000, 0x00007fdc55ab3000, 0x00007fdc55dd3000]
CodeHeap 'profiled nmethods': size=120032Kb used=1186Kb max_used=1186Kb free=118845Kb
 bounds [0x00007fdc55dd3000, 0x00007fdc56043000, 0x00007fdc5d30b000]
CodeHeap 'non-profiled nmethods': size=120032Kb used=228Kb max_used=228Kb free=119803Kb
 bounds [0x00007fdc5d30b000, 0x00007fdc5d57b000, 0x00007fdc64843000]
 total_blobs=1406 nmethods=734 adapters=421
 compilation: enabled

Compilation events (10 events):
Event: 5.535 Thread 0x00007fdc6c244800  733       3       java.lang.invoke.MethodHandles$Lookup::checkAccess (226 bytes)
Event: 5.536 Thread 0x00007fdc6c244800 nmethod 733 0x00007fdc55ef9590 code [0x00007fdc55ef9840, 0x00007fdc55efadf8]
Event: 5.537 Thread 0x00007fdc6c244800  736       3       java.util.Collections$UnmodifiableCollection::size (10 bytes)
Event: 5.537 Thread 0x00007fdc6c244800 nmethod 736 0x00007fdc55efb210 code [0x00007fdc55efb3a0, 0x00007fdc55efb5c8]
Event: 5.539 Thread 0x00007fdc6c244800  737       1       java.nio.Buffer::limit (5 bytes)
Event: 5.540 Thread 0x00007fdc6c244800 nmethod 737 0x00007fdc5d343c10 code [0x00007fdc5d343d80, 0x00007fdc5d343e90]
Event: 5.540 Thread 0x00007fdc6c244800  738       3       java.nio.HeapByteBuffer::_get (7 bytes)
Event: 5.540 Thread 0x00007fdc6c244800 nmethod 738 0x00007fdc55efb690 code [0x00007fdc55efb800, 0x00007fdc55efb970]
Event: 5.541 Thread 0x00007fdc6c244800  739       1       java.nio.Buffer::position (5 bytes)
Event: 5.541 Thread 0x00007fdc6c244800 nmethod 739 0x00007fdc5d343f10 code [0x00007fdc5d344080, 0x00007fdc5d344190]

GC Heap History (0 events):
No events

Deoptimization events (10 events):
Event: 0.201 Thread 0x00007fdc6c011000 Uncommon trap: reason=bimorphic_or_optimized_type_check action=maybe_recompile pc=0x00007fdc5d323454 method=java.util.HashMap.putVal(ILjava/lang/Object;Ljava/lang/Object;ZZ)Ljava/lang/Object; @ 56
Event: 0.212 Thread 0x00007fdc6c011000 Uncommon trap: reason=bimorphic_or_optimized_type_check action=maybe_recompile pc=0x00007fdc5d323454 method=java.util.HashMap.putVal(ILjava/lang/Object;Ljava/lang/Object;ZZ)Ljava/lang/Object; @ 56
Event: 0.215 Thread 0x00007fdc6c011000 Uncommon trap: reason=bimorphic_or_optimized_type_check action=maybe_recompile pc=0x00007fdc5d3234d0 method=java.util.HashMap.putVal(ILjava/lang/Object;Ljava/lang/Object;ZZ)Ljava/lang/Object; @ 152
Event: 0.273 Thread 0x00007fdc6c011000 Uncommon trap: reason=bimorphic_or_optimized_type_check action=maybe_recompile pc=0x00007fdc5d3234d0 method=java.util.HashMap.putVal(ILjava/lang/Object;Ljava/lang/Object;ZZ)Ljava/lang/Object; @ 152
Event: 0.343 Thread 0x00007fdc6c011000 Uncommon trap: reason=unstable_if action=reinterpret pc=0x00007fdc5d3162d0 method=java.util.HashMap.hash(Ljava/lang/Object;)I @ 1
Event: 0.348 Thread 0x00007fdc6c011000 Uncommon trap: reason=unstable_if action=reinterpret pc=0x00007fdc5d315988 method=java.util.HashMap.hash(Ljava/lang/Object;)I @ 1
Event: 0.352 Thread 0x00007fdc6c011000 Uncommon trap: reason=bimorphic_or_optimized_type_check action=maybe_recompile pc=0x00007fdc5d32f5b0 method=java.util.HashMap.putVal(ILjava/lang/Object;Ljava/lang/Object;ZZ)Ljava/lang/Object; @ 91
Event: 0.353 Thread 0x00007fdc6c011000 Uncommon trap: reason=bimorphic_or_optimized_type_check action=maybe_recompile pc=0x00007fdc5d32f5b0 method=java.util.HashMap.putVal(ILjava/lang/Object;Ljava/lang/Object;ZZ)Ljava/lang/Object; @ 91
Event: 0.735 Thread 0x00007fdc6c7d0000 Uncommon trap: reason=unstable_if action=reinterpret pc=0x00007fdc5d33e0c0 method=sun.security.provider.SeedGenerator$ThreadedSeedGenerator.run()V @ 120
Event: 5.509 Thread 0x00007fdc6c011000 Uncommon trap: reason=unstable_if action=reinterpret pc=0x00007fdc5d326a00 method=java.lang.String.equals(Ljava/lang/Object;)Z @ 27

Classes redefined (0 events):
No events

Internal exceptions (7 events):
Event: 0.209 Thread 0x00007fdc6c011000 Exception <a 'java/lang/ClassNotFoundException': sun/awt/resources/awtProvider> (0x00000006d607b340) thrown at [/build/openjdk-9-argm_o/openjdk-9-9~b114/src/hotspot/src/share/vm/classfile/systemDictionary.cpp, line 224]
Event: 0.223 Thread 0x00007fdc6c011000 Exception <a 'java/io/FileNotFoundException'> (0x00000006d60b3140) thrown at [/build/openjdk-9-argm_o/openjdk-9-9~b114/src/hotspot/src/share/vm/prims/jni.cpp, line 605]
Event: 0.224 Thread 0x00007fdc6c011000 Exception <a 'java/io/FileNotFoundException'> (0x00000006d60bb110) thrown at [/build/openjdk-9-argm_o/openjdk-9-9~b114/src/hotspot/src/share/vm/prims/jni.cpp, line 605]
Event: 0.333 Thread 0x00007fdc6c011000 Exception <a 'java/lang/ClassNotFoundException': com/sun/swing/internal/plaf/metal/resources/metalProvider> (0x00000006d5e606e8) thrown at [/build/openjdk-9-argm_o/openjdk-9-9~b114/src/hotspot/src/share/vm/classfile/systemDictionary.cpp, line 224]
Event: 0.333 Thread 0x00007fdc6c011000 Exception <a 'java/lang/ClassNotFoundException': com/sun/swing/internal/plaf/basic/resources/basicProvider> (0x00000006d5e63da8) thrown at [/build/openjdk-9-argm_o/openjdk-9-9~b114/src/hotspot/src/share/vm/classfile/systemDictionary.cpp, line 224]
Event: 0.342 Thread 0x00007fdc6c011000 Implicit null exception at 0x00007fdc5d316238 to 0x00007fdc5d3162c6
Event: 0.348 Thread 0x00007fdc6c011000 Implicit null exception at 0x00007fdc5d31590f to 0x00007fdc5d315979

Events (10 events):
Event: 5.541 loading class sun/nio/cs/UTF_16$Decoder
Event: 5.541 loading class sun/nio/cs/UnicodeDecoder
Event: 5.541 loading class sun/nio/cs/UnicodeDecoder done
Event: 5.541 loading class sun/nio/cs/UTF_16$Decoder done
Event: 5.542 loading class sun/font/FileFontStrike
Event: 5.542 loading class sun/font/FileFontStrike done
Event: 5.542 loading class sun/font/FontScaler
Event: 5.542 loading class sun/font/FontScaler done
Event: 5.542 loading class sun/font/FreetypeFontScaler
Event: 5.542 loading class sun/font/FreetypeFontScaler done


Dynamic libraries:
00400000-00401000 r-xp 00000000 08:02 59249253                           /usr/lib/jvm/java-9-openjdk-amd64/bin/java
00600000-00601000 r--p 00000000 08:02 59249253                           /usr/lib/jvm/java-9-openjdk-amd64/bin/java
00601000-00602000 rw-p 00001000 08:02 59249253                           /usr/lib/jvm/java-9-openjdk-amd64/bin/java
01040000-01061000 rw-p 00000000 00:00 0                                  [heap]
6c6a00000-6d6400000 rw-p 00000000 00:00 0 
6d6400000-7c0000000 ---p 00000000 00:00 0 
7c0000000-7c01c0000 rw-p 00000000 00:00 0 
7c01c0000-800000000 ---p 00000000 00:00 0 
7fdbc4000000-7fdbc4021000 rw-p 00000000 00:00 0 
7fdbc4021000-7fdbc8000000 ---p 00000000 00:00 0 
7fdbcc000000-7fdbcc021000 rw-p 00000000 00:00 0 
7fdbcc021000-7fdbd0000000 ---p 00000000 00:00 0 
7fdbd0000000-7fdbd0021000 rw-p 00000000 00:00 0 
7fdbd0021000-7fdbd4000000 ---p 00000000 00:00 0 
7fdbd4000000-7fdbd4021000 rw-p 00000000 00:00 0 
7fdbd4021000-7fdbd8000000 ---p 00000000 00:00 0 
7fdbd8000000-7fdbd8021000 rw-p 00000000 00:00 0 
7fdbd8021000-7fdbdc000000 ---p 00000000 00:00 0 
7fdbdc000000-7fdbdc021000 rw-p 00000000 00:00 0 
7fdbdc021000-7fdbe0000000 ---p 00000000 00:00 0 
7fdbe2d1b000-7fdbe2d1f000 ---p 00000000 00:00 0 
7fdbe2d1f000-7fdbe2e1c000 rw-p 00000000 00:00 0 
7fdbe2e1c000-7fdbe2e20000 ---p 00000000 00:00 0 
7fdbe2e20000-7fdbe2f1d000 rw-p 00000000 00:00 0 
7fdbe2f1d000-7fdbe2f21000 ---p 00000000 00:00 0 
7fdbe2f21000-7fdbe301e000 rw-p 00000000 00:00 0 
7fdbe301e000-7fdbe3022000 ---p 00000000 00:00 0 
7fdbe3022000-7fdbe311f000 rw-p 00000000 00:00 0 
7fdbe311f000-7fdbe3123000 ---p 00000000 00:00 0 
7fdbe3123000-7fdbe33e0000 rw-p 00000000 00:00 0 
7fdbe33e0000-7fdbe3420000 ---p 00000000 00:00 0 
7fdbe3420000-7fdbe3424000 ---p 00000000 00:00 0 
7fdbe3424000-7fdbe3521000 rw-p 00000000 00:00 0 
7fdbe3521000-7fdbe3526000 r-xp 00000000 08:02 58990289                   /usr/lib/x86_64-linux-gnu/libXfixes.so.3.1.0
7fdbe3526000-7fdbe3725000 ---p 00005000 08:02 58990289                   /usr/lib/x86_64-linux-gnu/libXfixes.so.3.1.0
7fdbe3725000-7fdbe3726000 r--p 00004000 08:02 58990289                   /usr/lib/x86_64-linux-gnu/libXfixes.so.3.1.0
7fdbe3726000-7fdbe3727000 rw-p 00005000 08:02 58990289                   /usr/lib/x86_64-linux-gnu/libXfixes.so.3.1.0
7fdbe3727000-7fdbe3730000 r-xp 00000000 08:02 58990281                   /usr/lib/x86_64-linux-gnu/libXcursor.so.1.0.2
7fdbe3730000-7fdbe392f000 ---p 00009000 08:02 58990281                   /usr/lib/x86_64-linux-gnu/libXcursor.so.1.0.2
7fdbe392f000-7fdbe3930000 r--p 00008000 08:02 58990281                   /usr/lib/x86_64-linux-gnu/libXcursor.so.1.0.2
7fdbe3930000-7fdbe3931000 rw-p 00009000 08:02 58990281                   /usr/lib/x86_64-linux-gnu/libXcursor.so.1.0.2
7fdbe3931000-7fdbe3b31000 rw-p 00000000 00:00 0 
7fdbe3b31000-7fdbe3b55000 r-xp 00000000 08:02 46404065                   /lib/x86_64-linux-gnu/libpng12.so.0.54.0
7fdbe3b55000-7fdbe3d54000 ---p 00024000 08:02 46404065                   /lib/x86_64-linux-gnu/libpng12.so.0.54.0
7fdbe3d54000-7fdbe3d55000 r--p 00023000 08:02 46404065                   /lib/x86_64-linux-gnu/libpng12.so.0.54.0
7fdbe3d55000-7fdbe3d56000 rw-p 00024000 08:02 46404065                   /lib/x86_64-linux-gnu/libpng12.so.0.54.0
7fdbe3d56000-7fdbe3dfa000 r-xp 00000000 08:02 58990704                   /usr/lib/x86_64-linux-gnu/libfreetype.so.6.12.1
7fdbe3dfa000-7fdbe3ff9000 ---p 000a4000 08:02 58990704                   /usr/lib/x86_64-linux-gnu/libfreetype.so.6.12.1
7fdbe3ff9000-7fdbe3fff000 r--p 000a3000 08:02 58990704                   /usr/lib/x86_64-linux-gnu/libfreetype.so.6.12.1
7fdbe3fff000-7fdbe4000000 rw-p 000a9000 08:02 58990704                   /usr/lib/x86_64-linux-gnu/libfreetype.so.6.12.1
7fdbe4000000-7fdbe4021000 rw-p 00000000 00:00 0 
7fdbe4021000-7fdbe8000000 ---p 00000000 00:00 0 
7fdbe8000000-7fdbe8021000 rw-p 00000000 00:00 0 
7fdbe8021000-7fdbec000000 ---p 00000000 00:00 0 
7fdbec000000-7fdbec021000 rw-p 00000000 00:00 0 
7fdbec021000-7fdbf0000000 ---p 00000000 00:00 0 
7fdbf0000000-7fdbf0021000 rw-p 00000000 00:00 0 
7fdbf0021000-7fdbf4000000 ---p 00000000 00:00 0 
7fdbf4000000-7fdbf42ab000 rw-p 00000000 00:00 0 
7fdbf42ab000-7fdbf8000000 ---p 00000000 00:00 0 
7fdbf8000000-7fdbf8021000 rw-p 00000000 00:00 0 
7fdbf8021000-7fdbfc000000 ---p 00000000 00:00 0 
7fdbfc000000-7fdbfc24b000 rw-p 00000000 00:00 0 
7fdbfc24b000-7fdc00000000 ---p 00000000 00:00 0 
7fdc00000000-7fdc00222000 rw-p 00000000 00:00 0 
7fdc00222000-7fdc04000000 ---p 00000000 00:00 0 
7fdc04000000-7fdc04021000 rw-p 00000000 00:00 0 
7fdc04021000-7fdc08000000 ---p 00000000 00:00 0 
7fdc08000000-7fdc08021000 rw-p 00000000 00:00 0 
7fdc08021000-7fdc0c000000 ---p 00000000 00:00 0 
7fdc0c000000-7fdc0c021000 rw-p 00000000 00:00 0 
7fdc0c021000-7fdc10000000 ---p 00000000 00:00 0 
7fdc10000000-7fdc10021000 rw-p 00000000 00:00 0 
7fdc10021000-7fdc14000000 ---p 00000000 00:00 0 
7fdc14000000-7fdc14021000 rw-p 00000000 00:00 0 
7fdc14021000-7fdc18000000 ---p 00000000 00:00 0 
7fdc18000000-7fdc18021000 rw-p 00000000 00:00 0 
7fdc18021000-7fdc1c000000 ---p 00000000 00:00 0 
7fdc1c07b000-7fdc1c07f000 ---p 00000000 00:00 0 
7fdc1c07f000-7fdc1c17c000 rw-p 00000000 00:00 0 
7fdc1c17c000-7fdc1c242000 r-xp 00000000 08:02 59379978                   /usr/lib/jvm/java-9-openjdk-amd64/lib/amd64/libfontmanager.so
7fdc1c242000-7fdc1c441000 ---p 000c6000 08:02 59379978                   /usr/lib/jvm/java-9-openjdk-amd64/lib/amd64/libfontmanager.so
7fdc1c441000-7fdc1c444000 r--p 000c5000 08:02 59379978                   /usr/lib/jvm/java-9-openjdk-amd64/lib/amd64/libfontmanager.so
7fdc1c444000-7fdc1c445000 rw-p 000c8000 08:02 59379978                   /usr/lib/jvm/java-9-openjdk-amd64/lib/amd64/libfontmanager.so
7fdc1c445000-7fdc1c446000 rw-p 00000000 00:00 0 
7fdc1c446000-7fdc1c44a000 ---p 00000000 00:00 0 
7fdc1c44a000-7fdc1c547000 rw-p 00000000 00:00 0 
7fdc1c547000-7fdc1c54c000 r-xp 00000000 08:02 58990285                   /usr/lib/x86_64-linux-gnu/libXdmcp.so.6.0.0
7fdc1c54c000-7fdc1c74b000 ---p 00005000 08:02 58990285                   /usr/lib/x86_64-linux-gnu/libXdmcp.so.6.0.0
7fdc1c74b000-7fdc1c74c000 r--p 00004000 08:02 58990285                   /usr/lib/x86_64-linux-gnu/libXdmcp.so.6.0.0
7fdc1c74c000-7fdc1c74d000 rw-p 00005000 08:02 58990285                   /usr/lib/x86_64-linux-gnu/libXdmcp.so.6.0.0
7fdc1c74d000-7fdc1c74f000 r-xp 00000000 08:02 58990274                   /usr/lib/x86_64-linux-gnu/libXau.so.6.0.0
7fdc1c74f000-7fdc1c94f000 ---p 00002000 08:02 58990274                   /usr/lib/x86_64-linux-gnu/libXau.so.6.0.0
7fdc1c94f000-7fdc1c950000 r--p 00002000 08:02 58990274                   /usr/lib/x86_64-linux-gnu/libXau.so.6.0.0
7fdc1c950000-7fdc1c951000 rw-p 00003000 08:02 58990274                   /usr/lib/x86_64-linux-gnu/libXau.so.6.0.0
7fdc1c951000-7fdc1c972000 r-xp 00000000 08:02 58991652                   /usr/lib/x86_64-linux-gnu/libxcb.so.1.1.0
7fdc1c972000-7fdc1cb71000 ---p 00021000 08:02 58991652                   /usr/lib/x86_64-linux-gnu/libxcb.so.1.1.0
7fdc1cb71000-7fdc1cb72000 r--p 00020000 08:02 58991652                   /usr/lib/x86_64-linux-gnu/libxcb.so.1.1.0
7fdc1cb72000-7fdc1cb73000 rw-p 00021000 08:02 58991652                   /usr/lib/x86_64-linux-gnu/libxcb.so.1.1.0
7fdc1cb73000-7fdc1cb82000 r-xp 00000000 08:02 58990295                   /usr/lib/x86_64-linux-gnu/libXi.so.6.1.0
7fdc1cb82000-7fdc1cd81000 ---p 0000f000 08:02 58990295                   /usr/lib/x86_64-linux-gnu/libXi.so.6.1.0
7fdc1cd81000-7fdc1cd82000 r--p 0000e000 08:02 58990295                   /usr/lib/x86_64-linux-gnu/libXi.so.6.1.0
7fdc1cd82000-7fdc1cd83000 rw-p 0000f000 08:02 58990295                   /usr/lib/x86_64-linux-gnu/libXi.so.6.1.0
7fdc1cd83000-7fdc1cd88000 r-xp 00000000 08:02 58990313                   /usr/lib/x86_64-linux-gnu/libXtst.so.6.1.0
7fdc1cd88000-7fdc1cf87000 ---p 00005000 08:02 58990313                   /usr/lib/x86_64-linux-gnu/libXtst.so.6.1.0
7fdc1cf87000-7fdc1cf88000 r--p 00004000 08:02 58990313                   /usr/lib/x86_64-linux-gnu/libXtst.so.6.1.0
7fdc1cf88000-7fdc1cf89000 rw-p 00005000 08:02 58990313                   /usr/lib/x86_64-linux-gnu/libXtst.so.6.1.0
7fdc1cf89000-7fdc1cf92000 r-xp 00000000 08:02 58990307                   /usr/lib/x86_64-linux-gnu/libXrender.so.1.3.0
7fdc1cf92000-7fdc1d191000 ---p 00009000 08:02 58990307                   /usr/lib/x86_64-linux-gnu/libXrender.so.1.3.0
7fdc1d191000-7fdc1d192000 r--p 00008000 08:02 58990307                   /usr/lib/x86_64-linux-gnu/libXrender.so.1.3.0
7fdc1d192000-7fdc1d193000 rw-p 00009000 08:02 58990307                   /usr/lib/x86_64-linux-gnu/libXrender.so.1.3.0
7fdc1d193000-7fdc1d2c8000 r-xp 00000000 08:02 58990270                   /usr/lib/x86_64-linux-gnu/libX11.so.6.3.0
7fdc1d2c8000-7fdc1d4c8000 ---p 00135000 08:02 58990270                   /usr/lib/x86_64-linux-gnu/libX11.so.6.3.0
7fdc1d4c8000-7fdc1d4c9000 r--p 00135000 08:02 58990270                   /usr/lib/x86_64-linux-gnu/libX11.so.6.3.0
7fdc1d4c9000-7fdc1d4cd000 rw-p 00136000 08:02 58990270                   /usr/lib/x86_64-linux-gnu/libX11.so.6.3.0
7fdc1d4cd000-7fdc1d4de000 r-xp 00000000 08:02 58990287                   /usr/lib/x86_64-linux-gnu/libXext.so.6.4.0
7fdc1d4de000-7fdc1d6dd000 ---p 00011000 08:02 58990287                   /usr/lib/x86_64-linux-gnu/libXext.so.6.4.0
7fdc1d6dd000-7fdc1d6de000 r--p 00010000 08:02 58990287                   /usr/lib/x86_64-linux-gnu/libXext.so.6.4.0
7fdc1d6de000-7fdc1d6df000 rw-p 00011000 08:02 58990287                   /usr/lib/x86_64-linux-gnu/libXext.so.6.4.0
7fdc1d6df000-7fdc1d736000 r-xp 00000000 08:02 59379999                   /usr/lib/jvm/java-9-openjdk-amd64/lib/amd64/libawt_xawt.so
7fdc1d736000-7fdc1d936000 ---p 00057000 08:02 59379999                   /usr/lib/jvm/java-9-openjdk-amd64/lib/amd64/libawt_xawt.so
7fdc1d936000-7fdc1d937000 r--p 00057000 08:02 59379999                   /usr/lib/jvm/java-9-openjdk-amd64/lib/amd64/libawt_xawt.so
7fdc1d937000-7fdc1d93a000 rw-p 00058000 08:02 59379999                   /usr/lib/jvm/java-9-openjdk-amd64/lib/amd64/libawt_xawt.so
7fdc1d93a000-7fdc1d93b000 rw-p 00000000 00:00 0 
7fdc1d93b000-7fdc1d9db000 r-xp 00000000 08:02 59379977                   /usr/lib/jvm/java-9-openjdk-amd64/lib/amd64/libawt.so
7fdc1d9db000-7fdc1dbda000 ---p 000a0000 08:02 59379977                   /usr/lib/jvm/java-9-openjdk-amd64/lib/amd64/libawt.so
7fdc1dbda000-7fdc1dbdb000 r--p 0009f000 08:02 59379977                   /usr/lib/jvm/java-9-openjdk-amd64/lib/amd64/libawt.so
7fdc1dbdb000-7fdc1dbe6000 rw-p 000a0000 08:02 59379977                   /usr/lib/jvm/java-9-openjdk-amd64/lib/amd64/libawt.so
7fdc1dbe6000-7fdc1dc0b000 rw-p 00000000 00:00 0 
7fdc1dc0b000-7fdc1dc0c000 ---p 00000000 00:00 0 
7fdc1dc0c000-7fdc1dd0c000 rw-p 00000000 00:00 0 
7fdc1dd0c000-7fdc1dd10000 ---p 00000000 00:00 0 
7fdc1dd10000-7fdc1de0d000 rw-p 00000000 00:00 0 
7fdc1de0d000-7fdc1de11000 ---p 00000000 00:00 0 
7fdc1de11000-7fdc1e20f000 rw-p 00000000 00:00 0 
7fdc1e20f000-7fdc1e225000 r-xp 00000000 08:02 59379979                   /usr/lib/jvm/java-9-openjdk-amd64/lib/amd64/libnet.so
7fdc1e225000-7fdc1e424000 ---p 00016000 08:02 59379979                   /usr/lib/jvm/java-9-openjdk-amd64/lib/amd64/libnet.so
7fdc1e424000-7fdc1e425000 r--p 00015000 08:02 59379979                   /usr/lib/jvm/java-9-openjdk-amd64/lib/amd64/libnet.so
7fdc1e425000-7fdc1e426000 rw-p 00016000 08:02 59379979                   /usr/lib/jvm/java-9-openjdk-amd64/lib/amd64/libnet.so
7fdc1e426000-7fdc1e437000 r-xp 00000000 08:02 59380000                   /usr/lib/jvm/java-9-openjdk-amd64/lib/amd64/libnio.so
7fdc1e437000-7fdc1e637000 ---p 00011000 08:02 59380000                   /usr/lib/jvm/java-9-openjdk-amd64/lib/amd64/libnio.so
7fdc1e637000-7fdc1e638000 r--p 00011000 08:02 59380000                   /usr/lib/jvm/java-9-openjdk-amd64/lib/amd64/libnio.so
7fdc1e638000-7fdc1e639000 rw-p 00012000 08:02 59380000                   /usr/lib/jvm/java-9-openjdk-amd64/lib/amd64/libnio.so
7fdc1e639000-7fdc1e63d000 ---p 00000000 00:00 0 
7fdc1e63d000-7fdc1e73a000 rw-p 00000000 00:00 0 
7fdc1e73a000-7fdc1e73e000 ---p 00000000 00:00 0 
7fdc1e73e000-7fdc1e83b000 rw-p 00000000 00:00 0 
7fdc1e83b000-7fdc1e83f000 ---p 00000000 00:00 0 
7fdc1e83f000-7fdc1e93c000 rw-p 00000000 00:00 0 
7fdc1e93c000-7fdc1e940000 ---p 00000000 00:00 0 
7fdc1e940000-7fdc1ea3d000 rw-p 00000000 00:00 0 
7fdc1ea3d000-7fdc1ea41000 ---p 00000000 00:00 0 
7fdc1ea41000-7fdc1eb3e000 rw-p 00000000 00:00 0 
7fdc1eb3e000-7fdc1eb42000 ---p 00000000 00:00 0 
7fdc1eb42000-7fdc1ec3f000 rw-p 00000000 00:00 0 
7fdc1ec3f000-7fdc1f5fe000 r--p 00000000 08:02 58989341                   /usr/lib/locale/locale-archive
7fdc1f5fe000-7fdc1f602000 ---p 00000000 00:00 0 
7fdc1f602000-7fdc1f6ff000 rw-p 00000000 00:00 0 
7fdc1f6ff000-7fdc1f703000 ---p 00000000 00:00 0 
7fdc1f703000-7fdc20000000 rw-p 00000000 00:00 0 
7fdc20000000-7fdc20021000 rw-p 00000000 00:00 0 
7fdc20021000-7fdc24000000 ---p 00000000 00:00 0 
7fdc24100000-7fdc24101000 ---p 00000000 00:00 0 
7fdc24101000-7fdc269ed000 rw-p 00000000 00:00 0 
7fdc269ed000-7fdc269ee000 ---p 00000000 00:00 0 
7fdc269ee000-7fdc26aee000 rw-p 00000000 00:00 0 
7fdc26aee000-7fdc26aef000 ---p 00000000 00:00 0 
7fdc26aef000-7fdc26fd7000 rw-p 00000000 00:00 0 
7fdc26fd7000-7fdc2aa47000 ---p 00000000 00:00 0 
7fdc2aa47000-7fdc2ae2f000 rw-p 00000000 00:00 0 
7fdc2ae2f000-7fdc2e89f000 ---p 00000000 00:00 0 
7fdc2e89f000-7fdc2e91c000 rw-p 00000000 00:00 0 
7fdc2e91c000-7fdc2f06a000 ---p 00000000 00:00 0 
7fdc2f06a000-7fdc2f0e7000 rw-p 00000000 00:00 0 
7fdc2f0e7000-7fdc30000000 ---p 00000000 00:00 0 
7fdc30000000-7fdc30021000 rw-p 00000000 00:00 0 
7fdc30021000-7fdc34000000 ---p 00000000 00:00 0 
7fdc34000000-7fdc34021000 rw-p 00000000 00:00 0 
7fdc34021000-7fdc38000000 ---p 00000000 00:00 0 
7fdc38000000-7fdc38021000 rw-p 00000000 00:00 0 
7fdc38021000-7fdc3c000000 ---p 00000000 00:00 0 
7fdc3c000000-7fdc3c021000 rw-p 00000000 00:00 0 
7fdc3c021000-7fdc40000000 ---p 00000000 00:00 0 
7fdc40000000-7fdc40021000 rw-p 00000000 00:00 0 
7fdc40021000-7fdc44000000 ---p 00000000 00:00 0 
7fdc44000000-7fdc44021000 rw-p 00000000 00:00 0 
7fdc44021000-7fdc48000000 ---p 00000000 00:00 0 
7fdc48000000-7fdc48021000 rw-p 00000000 00:00 0 
7fdc48021000-7fdc4c000000 ---p 00000000 00:00 0 
7fdc4c000000-7fdc4c021000 rw-p 00000000 00:00 0 
7fdc4c021000-7fdc50000000 ---p 00000000 00:00 0 
7fdc50000000-7fdc50021000 rw-p 00000000 00:00 0 
7fdc50021000-7fdc54000000 ---p 00000000 00:00 0 
7fdc5409b000-7fdc54212000 rw-p 00000000 00:00 0 
7fdc54212000-7fdc54960000 ---p 00000000 00:00 0 
7fdc54960000-7fdc54961000 ---p 00000000 00:00 0 
7fdc54961000-7fdc54a61000 rw-p 00000000 00:00 0 
7fdc54a61000-7fdc54a62000 ---p 00000000 00:00 0 
7fdc54a62000-7fdc54b62000 rw-p 00000000 00:00 0 
7fdc54b62000-7fdc54b63000 ---p 00000000 00:00 0 
7fdc54b63000-7fdc54c63000 rw-p 00000000 00:00 0 
7fdc54c63000-7fdc54c64000 ---p 00000000 00:00 0 
7fdc54c64000-7fdc54d64000 rw-p 00000000 00:00 0 
7fdc54d64000-7fdc54d65000 ---p 00000000 00:00 0 
7fdc54d65000-7fdc55269000 rw-p 00000000 00:00 0 
7fdc55269000-7fdc5526a000 ---p 00000000 00:00 0 
7fdc5526a000-7fdc5536a000 rw-p 00000000 00:00 0 
7fdc5536a000-7fdc5536b000 ---p 00000000 00:00 0 
7fdc5536b000-7fdc5546b000 rw-p 00000000 00:00 0 
7fdc5546b000-7fdc5546c000 ---p 00000000 00:00 0 
7fdc5546c000-7fdc5556c000 rw-p 00000000 00:00 0 
7fdc5556c000-7fdc5556d000 ---p 00000000 00:00 0 
7fdc5556d000-7fdc55672000 rw-p 00000000 00:00 0 
7fdc55672000-7fdc55758000 ---p 00000000 00:00 0 
7fdc55758000-7fdc5575d000 rw-p 00000000 00:00 0 
7fdc5575d000-7fdc55843000 ---p 00000000 00:00 0 
7fdc55843000-7fdc55ab3000 rwxp 00000000 00:00 0 
7fdc55ab3000-7fdc55dd3000 ---p 00000000 00:00 0 
7fdc55dd3000-7fdc56043000 rwxp 00000000 00:00 0 
7fdc56043000-7fdc5d30b000 ---p 00000000 00:00 0 
7fdc5d30b000-7fdc5d57b000 rwxp 00000000 00:00 0 
7fdc5d57b000-7fdc64843000 ---p 00000000 00:00 0 
7fdc64843000-7fdc6bbf2000 r--s 00000000 08:02 59379963                   /usr/lib/jvm/java-9-openjdk-amd64/lib/modules
7fdc6bbf2000-7fdc6bbf7000 r-xp 00000000 08:02 59379989                   /usr/lib/jvm/java-9-openjdk-amd64/lib/amd64/libjimage.so
7fdc6bbf7000-7fdc6bdf6000 ---p 00005000 08:02 59379989                   /usr/lib/jvm/java-9-openjdk-amd64/lib/amd64/libjimage.so
7fdc6bdf6000-7fdc6bdf7000 r--p 00004000 08:02 59379989                   /usr/lib/jvm/java-9-openjdk-amd64/lib/amd64/libjimage.so
7fdc6bdf7000-7fdc6bdf8000 rw-p 00005000 08:02 59379989                   /usr/lib/jvm/java-9-openjdk-amd64/lib/amd64/libjimage.so
7fdc6bdf8000-7fdc6bdff000 r-xp 00000000 08:02 59379985                   /usr/lib/jvm/java-9-openjdk-amd64/lib/amd64/libzip.so
7fdc6bdff000-7fdc6bffe000 ---p 00007000 08:02 59379985                   /usr/lib/jvm/java-9-openjdk-amd64/lib/amd64/libzip.so
7fdc6bffe000-7fdc6bfff000 r--p 00006000 08:02 59379985                   /usr/lib/jvm/java-9-openjdk-amd64/lib/amd64/libzip.so
7fdc6bfff000-7fdc6c000000 rw-p 00007000 08:02 59379985                   /usr/lib/jvm/java-9-openjdk-amd64/lib/amd64/libzip.so
7fdc6c000000-7fdc6c7e7000 rw-p 00000000 00:00 0 
7fdc6c7e7000-7fdc70000000 ---p 00000000 00:00 0 
7fdc70012000-7fdc7001d000 r--s 00000000 08:02 20447326                   /var/cache/fontconfig/945677eb7aeaf62f1d50efc3fb3ec7d8-le64.cache-6
7fdc7001d000-7fdc70023000 r--s 00000000 08:02 20447308                   /var/cache/fontconfig/2cd17615ca594fa2959ae173292e504c-le64.cache-6
7fdc70023000-7fdc70024000 r--s 00000000 08:02 20447305                   /var/cache/fontconfig/0d8c3b2ac0904cb8a57a757ad11a4a08-le64.cache-6
7fdc70024000-7fdc70039000 r--s 00000000 08:02 20447302                   /var/cache/fontconfig/04aabc0a78ac019cf9454389977116d2-le64.cache-6
7fdc70039000-7fdc7003a000 r--s 00000000 08:02 20447307                   /var/cache/fontconfig/1ac9eb803944fde146138c791f5cc56a-le64.cache-6
7fdc7003a000-7fdc7003e000 r--s 00000000 08:02 20447312                   /var/cache/fontconfig/385c0604a188198f04d133e54aba7fe7-le64.cache-6
7fdc7003e000-7fdc7003f000 r--s 00000000 08:02 20447339                   /var/cache/fontconfig/dc05db6664285cc2f12bf69c139ae4c3-le64.cache-6
7fdc7003f000-7fdc70042000 r--s 00000000 08:02 20447322                   /var/cache/fontconfig/767a8244fc0220cfb567a839d0392e0b-le64.cache-6
7fdc70042000-7fdc70043000 r--s 00000000 08:02 20447313                   /var/cache/fontconfig/4794a0821666d79190d59a36cb4f44b5-le64.cache-6
7fdc70043000-7fdc70048000 r--s 00000000 08:02 20447325                   /var/cache/fontconfig/8801497958630a81b71ace7c5f9b32a8-le64.cache-6
7fdc70048000-7fdc7004c000 r--s 00000000 08:02 20457474                   /var/cache/fontconfig/69c252d2c43c6a4e228281b992d76c04-le64.cache-6
7fdc7004c000-7fdc7004d000 r--s 00000000 08:02 20447332                   /var/cache/fontconfig/bab58bb527bb656aaa9f116d68a48d89-le64.cache-6
7fdc7004d000-7fdc70054000 r--s 00000000 08:02 20447309                   /var/cache/fontconfig/3047814df9a2f067bd2d96a2b9c36e5a-le64.cache-6
7fdc70054000-7fdc70055000 r--s 00000000 08:02 20447316                   /var/cache/fontconfig/56cf4f4769d0f4abc89a4895d7bd3ae1-le64.cache-6
7fdc70055000-7fdc70056000 r--s 00000000 08:02 20447331                   /var/cache/fontconfig/b9d506c9ac06c20b433354fa67a72993-le64.cache-6
7fdc70056000-7fdc7005c000 r--s 00000000 08:02 20447330                   /var/cache/fontconfig/b47c4e1ecd0709278f4910c18777a504-le64.cache-6
7fdc7005c000-7fdc7006f000 r--s 00000000 08:02 20447336                   /var/cache/fontconfig/d52a8644073d54c13679302ca1180695-le64.cache-6
7fdc7006f000-7fdc70070000 r--s 00000000 08:02 20447315                   /var/cache/fontconfig/551ecf3b0e8b0bca0f25c0944f561853-le64.cache-6
7fdc70070000-7fdc70071000 r--s 00000000 08:02 20457473                   /var/cache/fontconfig/1ee5cafbe51fb67d0f91413347c9075c-le64.cache-6
7fdc70071000-7fdc70075000 r--s 00000000 08:02 20457472                   /var/cache/fontconfig/42b85b8870a9886f24b1a55d8ef88da0-le64.cache-6
7fdc70075000-7fdc70080000 r--s 00000000 08:02 20447324                   /var/cache/fontconfig/83bf95040141907cd45bb53cf7c1c148-le64.cache-6
7fdc70080000-7fdc70092000 r--s 00000000 08:02 20447328                   /var/cache/fontconfig/9b89f8e3dae116d678bbf48e5f21f69b-le64.cache-6
7fdc70092000-7fdc7009d000 r-xp 00000000 08:02 46404023                   /lib/x86_64-linux-gnu/libnss_files-2.23.so
7fdc7009d000-7fdc7029c000 ---p 0000b000 08:02 46404023                   /lib/x86_64-linux-gnu/libnss_files-2.23.so
7fdc7029c000-7fdc7029d000 r--p 0000a000 08:02 46404023                   /lib/x86_64-linux-gnu/libnss_files-2.23.so
7fdc7029d000-7fdc7029e000 rw-p 0000b000 08:02 46404023                   /lib/x86_64-linux-gnu/libnss_files-2.23.so
7fdc7029e000-7fdc702a4000 rw-p 00000000 00:00 0 
7fdc702a4000-7fdc702af000 r-xp 00000000 08:02 46404033                   /lib/x86_64-linux-gnu/libnss_nis-2.23.so
7fdc702af000-7fdc704ae000 ---p 0000b000 08:02 46404033                   /lib/x86_64-linux-gnu/libnss_nis-2.23.so
7fdc704ae000-7fdc704af000 r--p 0000a000 08:02 46404033                   /lib/x86_64-linux-gnu/libnss_nis-2.23.so
7fdc704af000-7fdc704b0000 rw-p 0000b000 08:02 46404033                   /lib/x86_64-linux-gnu/libnss_nis-2.23.so
7fdc704b0000-7fdc704c6000 r-xp 00000000 08:02 46404017                   /lib/x86_64-linux-gnu/libnsl-2.23.so
7fdc704c6000-7fdc706c5000 ---p 00016000 08:02 46404017                   /lib/x86_64-linux-gnu/libnsl-2.23.so
7fdc706c5000-7fdc706c6000 r--p 00015000 08:02 46404017                   /lib/x86_64-linux-gnu/libnsl-2.23.so
7fdc706c6000-7fdc706c7000 rw-p 00016000 08:02 46404017                   /lib/x86_64-linux-gnu/libnsl-2.23.so
7fdc706c7000-7fdc706c9000 rw-p 00000000 00:00 0 
7fdc706c9000-7fdc706d1000 r-xp 00000000 08:02 46404019                   /lib/x86_64-linux-gnu/libnss_compat-2.23.so
7fdc706d1000-7fdc708d0000 ---p 00008000 08:02 46404019                   /lib/x86_64-linux-gnu/libnss_compat-2.23.so
7fdc708d0000-7fdc708d1000 r--p 00007000 08:02 46404019                   /lib/x86_64-linux-gnu/libnss_compat-2.23.so
7fdc708d1000-7fdc708d2000 rw-p 00008000 08:02 46404019                   /lib/x86_64-linux-gnu/libnss_compat-2.23.so
7fdc708d2000-7fdc708fd000 r-xp 00000000 08:02 59379972                   /usr/lib/jvm/java-9-openjdk-amd64/lib/amd64/libjava.so
7fdc708fd000-7fdc70afc000 ---p 0002b000 08:02 59379972                   /usr/lib/jvm/java-9-openjdk-amd64/lib/amd64/libjava.so
7fdc70afc000-7fdc70afd000 r--p 0002a000 08:02 59379972                   /usr/lib/jvm/java-9-openjdk-amd64/lib/amd64/libjava.so
7fdc70afd000-7fdc70aff000 rw-p 0002b000 08:02 59379972                   /usr/lib/jvm/java-9-openjdk-amd64/lib/amd64/libjava.so
7fdc70aff000-7fdc70b0c000 r-xp 00000000 08:02 59379973                   /usr/lib/jvm/java-9-openjdk-amd64/lib/amd64/libverify.so
7fdc70b0c000-7fdc70d0b000 ---p 0000d000 08:02 59379973                   /usr/lib/jvm/java-9-openjdk-amd64/lib/amd64/libverify.so
7fdc70d0b000-7fdc70d0d000 r--p 0000c000 08:02 59379973                   /usr/lib/jvm/java-9-openjdk-amd64/lib/amd64/libverify.so
7fdc70d0d000-7fdc70d0e000 rw-p 0000e000 08:02 59379973                   /usr/lib/jvm/java-9-openjdk-amd64/lib/amd64/libverify.so
7fdc70d0e000-7fdc70d15000 r-xp 00000000 08:02 46404078                   /lib/x86_64-linux-gnu/librt-2.23.so
7fdc70d15000-7fdc70f14000 ---p 00007000 08:02 46404078                   /lib/x86_64-linux-gnu/librt-2.23.so
7fdc70f14000-7fdc70f15000 r--p 00006000 08:02 46404078                   /lib/x86_64-linux-gnu/librt-2.23.so
7fdc70f15000-7fdc70f16000 rw-p 00007000 08:02 46404078                   /lib/x86_64-linux-gnu/librt-2.23.so
7fdc70f16000-7fdc70f2c000 r-xp 00000000 08:02 46403962                   /lib/x86_64-linux-gnu/libgcc_s.so.1
7fdc70f2c000-7fdc7112b000 ---p 00016000 08:02 46403962                   /lib/x86_64-linux-gnu/libgcc_s.so.1
7fdc7112b000-7fdc7112c000 rw-p 00015000 08:02 46403962                   /lib/x86_64-linux-gnu/libgcc_s.so.1
7fdc7112c000-7fdc71234000 r-xp 00000000 08:02 46403994                   /lib/x86_64-linux-gnu/libm-2.23.so
7fdc71234000-7fdc71433000 ---p 00108000 08:02 46403994                   /lib/x86_64-linux-gnu/libm-2.23.so
7fdc71433000-7fdc71434000 r--p 00107000 08:02 46403994                   /lib/x86_64-linux-gnu/libm-2.23.so
7fdc71434000-7fdc71435000 rw-p 00108000 08:02 46403994                   /lib/x86_64-linux-gnu/libm-2.23.so
7fdc71435000-7fdc715a7000 r-xp 00000000 08:02 58991411                   /usr/lib/x86_64-linux-gnu/libstdc++.so.6.0.21
7fdc715a7000-7fdc717a7000 ---p 00172000 08:02 58991411                   /usr/lib/x86_64-linux-gnu/libstdc++.so.6.0.21
7fdc717a7000-7fdc717b1000 r--p 00172000 08:02 58991411                   /usr/lib/x86_64-linux-gnu/libstdc++.so.6.0.21
7fdc717b1000-7fdc717b3000 rw-p 0017c000 08:02 58991411                   /usr/lib/x86_64-linux-gnu/libstdc++.so.6.0.21
7fdc717b3000-7fdc717b7000 rw-p 00000000 00:00 0 
7fdc717b7000-7fdc72615000 r-xp 00000000 08:02 59516993                   /usr/lib/jvm/java-9-openjdk-amd64/lib/amd64/server/libjvm.so
7fdc72615000-7fdc72815000 ---p 00e5e000 08:02 59516993                   /usr/lib/jvm/java-9-openjdk-amd64/lib/amd64/server/libjvm.so
7fdc72815000-7fdc728c7000 r--p 00e5e000 08:02 59516993                   /usr/lib/jvm/java-9-openjdk-amd64/lib/amd64/server/libjvm.so
7fdc728c7000-7fdc728f9000 rw-p 00f10000 08:02 59516993                   /usr/lib/jvm/java-9-openjdk-amd64/lib/amd64/server/libjvm.so
7fdc728f9000-7fdc7293e000 rw-p 00000000 00:00 0 
7fdc7293e000-7fdc72956000 r-xp 00000000 08:02 46404070                   /lib/x86_64-linux-gnu/libpthread-2.23.so
7fdc72956000-7fdc72b55000 ---p 00018000 08:02 46404070                   /lib/x86_64-linux-gnu/libpthread-2.23.so
7fdc72b55000-7fdc72b56000 r--p 00017000 08:02 46404070                   /lib/x86_64-linux-gnu/libpthread-2.23.so
7fdc72b56000-7fdc72b57000 rw-p 00018000 08:02 46404070                   /lib/x86_64-linux-gnu/libpthread-2.23.so
7fdc72b57000-7fdc72b5b000 rw-p 00000000 00:00 0 
7fdc72b5b000-7fdc72b5e000 r-xp 00000000 08:02 46403948                   /lib/x86_64-linux-gnu/libdl-2.23.so
7fdc72b5e000-7fdc72d5d000 ---p 00003000 08:02 46403948                   /lib/x86_64-linux-gnu/libdl-2.23.so
7fdc72d5d000-7fdc72d5e000 r--p 00002000 08:02 46403948                   /lib/x86_64-linux-gnu/libdl-2.23.so
7fdc72d5e000-7fdc72d5f000 rw-p 00003000 08:02 46403948                   /lib/x86_64-linux-gnu/libdl-2.23.so
7fdc72d5f000-7fdc72d78000 r-xp 00000000 08:02 46404115                   /lib/x86_64-linux-gnu/libz.so.1.2.8
7fdc72d78000-7fdc72f77000 ---p 00019000 08:02 46404115                   /lib/x86_64-linux-gnu/libz.so.1.2.8
7fdc72f77000-7fdc72f78000 r--p 00018000 08:02 46404115                   /lib/x86_64-linux-gnu/libz.so.1.2.8
7fdc72f78000-7fdc72f79000 rw-p 00019000 08:02 46404115                   /lib/x86_64-linux-gnu/libz.so.1.2.8
7fdc72f79000-7fdc73139000 r-xp 00000000 08:02 46403924                   /lib/x86_64-linux-gnu/libc-2.23.so
7fdc73139000-7fdc73338000 ---p 001c0000 08:02 46403924                   /lib/x86_64-linux-gnu/libc-2.23.so
7fdc73338000-7fdc7333c000 r--p 001bf000 08:02 46403924                   /lib/x86_64-linux-gnu/libc-2.23.so
7fdc7333c000-7fdc7333e000 rw-p 001c3000 08:02 46403924                   /lib/x86_64-linux-gnu/libc-2.23.so
7fdc7333e000-7fdc73342000 rw-p 00000000 00:00 0 
7fdc73342000-7fdc73350000 r-xp 00000000 08:02 59516997                   /usr/lib/jvm/java-9-openjdk-amd64/lib/amd64/jli/libjli.so
7fdc73350000-7fdc7354f000 ---p 0000e000 08:02 59516997                   /usr/lib/jvm/java-9-openjdk-amd64/lib/amd64/jli/libjli.so
7fdc7354f000-7fdc73550000 r--p 0000d000 08:02 59516997                   /usr/lib/jvm/java-9-openjdk-amd64/lib/amd64/jli/libjli.so
7fdc73550000-7fdc73551000 rw-p 0000e000 08:02 59516997                   /usr/lib/jvm/java-9-openjdk-amd64/lib/amd64/jli/libjli.so
7fdc73551000-7fdc73577000 r-xp 00000000 08:02 46403896                   /lib/x86_64-linux-gnu/ld-2.23.so
7fdc73577000-7fdc7357b000 r--s 00000000 08:02 20447337                   /var/cache/fontconfig/d589a48862398ed80a3d6066f4f56f4c-le64.cache-6
7fdc7357b000-7fdc7357e000 r--s 00000000 08:02 20447321                   /var/cache/fontconfig/75114ca45c98e8a441da0ff356701271-le64.cache-6
7fdc7357e000-7fdc73581000 r--s 00000000 08:02 20447340                   /var/cache/fontconfig/e13b20fdb08344e0e664864cc2ede53d-le64.cache-6
7fdc73581000-7fdc73585000 r--s 00000000 08:02 20447320                   /var/cache/fontconfig/7ef2298fde41cc6eeb7af42e48b7d293-le64.cache-6
7fdc73585000-7fdc73656000 rw-p 00000000 00:00 0 
7fdc73656000-7fdc7365a000 ---p 00000000 00:00 0 
7fdc7365a000-7fdc7375c000 rw-p 00000000 00:00 0 
7fdc7375c000-7fdc7375d000 r--s 00000000 08:02 20447310                   /var/cache/fontconfig/30829fa25452a46451e813d634d7f916-le64.cache-6
7fdc7375d000-7fdc7375e000 r--s 00000000 08:02 20447304                   /var/cache/fontconfig/0c9eb80ebd1c36541ebe2852d3bb0c49-le64.cache-6
7fdc7375e000-7fdc73763000 rw-p 00000000 00:00 0 
7fdc73763000-7fdc7376a000 ---p 00000000 00:00 0 
7fdc7376a000-7fdc73772000 rw-s 00000000 08:02 4850339                    /tmp/hsperfdata_mdm/4915
7fdc73772000-7fdc73773000 rw-p 00000000 00:00 0 
7fdc73773000-7fdc73774000 r--p 00000000 00:00 0 
7fdc73774000-7fdc73776000 rw-p 00000000 00:00 0 
7fdc73776000-7fdc73777000 r--p 00025000 08:02 46403896                   /lib/x86_64-linux-gnu/ld-2.23.so
7fdc73777000-7fdc73778000 rw-p 00026000 08:02 46403896                   /lib/x86_64-linux-gnu/ld-2.23.so
7fdc73778000-7fdc73779000 rw-p 00000000 00:00 0 
7fff1aa49000-7fff1aa6a000 rw-p 00000000 00:00 0                          [stack]
7fff1aa86000-7fff1aa88000 r--p 00000000 00:00 0                          [vvar]
7fff1aa88000-7fff1aa8a000 r-xp 00000000 00:00 0                          [vdso]
ffffffffff600000-ffffffffff601000 r-xp 00000000 00:00 0                  [vsyscall]

VM Arguments:
java_command: Lm.jar
java_class_path (initial): Lm.jar
Launcher Type: SUN_STANDARD

Environment Variables:
PATH=/home/mdm/anaconda2/bin:/usr/local/sbin:/usr/local/bin:/usr/sbin:/usr/bin:/sbin:/bin:/usr/games:/usr/local/games:/snap/bin
SHELL=/bin/bash
DISPLAY=:0

Signal Handlers:
SIGSEGV: [libjvm.so+0xc12c20], sa_mask[0]=11111111011111111101111111111110, sa_flags=SA_RESTART|SA_SIGINFO
SIGBUS: [libjvm.so+0xc12c20], sa_mask[0]=11111111011111111101111111111110, sa_flags=SA_RESTART|SA_SIGINFO
SIGFPE: [libjvm.so+0xc12c20], sa_mask[0]=11111111011111111101111111111110, sa_flags=SA_RESTART|SA_SIGINFO
SIGPIPE: [libjvm.so+0xa3b600], sa_mask[0]=11111111011111111101111111111110, sa_flags=SA_RESTART|SA_SIGINFO
SIGXFSZ: [libjvm.so+0xa3b600], sa_mask[0]=11111111011111111101111111111110, sa_flags=SA_RESTART|SA_SIGINFO
SIGILL: [libjvm.so+0xc12c20], sa_mask[0]=11111111011111111101111111111110, sa_flags=SA_RESTART|SA_SIGINFO
SIGUSR2: [libjvm.so+0xa3b4a0], sa_mask[0]=00000000000000000000000000000000, sa_flags=SA_RESTART|SA_SIGINFO
SIGHUP: [libjvm.so+0xa3b870], sa_mask[0]=11111111011111111101111111111110, sa_flags=SA_RESTART|SA_SIGINFO
SIGINT: [libjvm.so+0xa3b870], sa_mask[0]=11111111011111111101111111111110, sa_flags=SA_RESTART|SA_SIGINFO
SIGTERM: [libjvm.so+0xa3b870], sa_mask[0]=11111111011111111101111111111110, sa_flags=SA_RESTART|SA_SIGINFO
SIGQUIT: [libjvm.so+0xa3b870], sa_mask[0]=11111111011111111101111111111110, sa_flags=SA_RESTART|SA_SIGINFO


---------------  S Y S T E M  ---------------

OS:DISTRIB_ID=Ubuntu
DISTRIB_RELEASE=16.04
DISTRIB_CODENAME=xenial
DISTRIB_DESCRIPTION="Ubuntu 16.04 LTS"
uname:Linux 4.4.0-21-generic #37-Ubuntu SMP Mon Apr 18 18:33:37 UTC 2016 x86_64
libc:glibc 2.23 NPTL 2.23 
rlimit: STACK 8192k, CORE 0k, NPROC 63452, NOFILE 65536, AS infinity
load average:1.40 1.11 0.92

/proc/meminfo:
MemTotal:       16342864 kB
MemFree:         3041964 kB
MemAvailable:   12136408 kB
Buffers:          343076 kB
Cached:          9051968 kB
SwapCached:        74272 kB
Active:          5935964 kB
Inactive:        6759376 kB
Active(anon):    3012328 kB
Inactive(anon):   960828 kB
Active(file):    2923636 kB
Inactive(file):  5798548 kB
Unevictable:          48 kB
Mlocked:              48 kB
SwapTotal:      16687100 kB
SwapFree:       16057880 kB
Dirty:             10692 kB
Writeback:             0 kB
AnonPages:       3269700 kB
Mapped:           587516 kB
Shmem:            672860 kB
Slab:             480612 kB
SReclaimable:     432644 kB
SUnreclaim:        47968 kB
KernelStack:       11536 kB
PageTables:        44188 kB
NFS_Unstable:          0 kB
Bounce:                0 kB
WritebackTmp:          0 kB
CommitLimit:    24858532 kB
Committed_AS:    9082996 kB
VmallocTotal:   34359738367 kB
VmallocUsed:           0 kB
VmallocChunk:          0 kB
HardwareCorrupted:     0 kB
AnonHugePages:   1701888 kB
CmaTotal:              0 kB
CmaFree:               0 kB
HugePages_Total:       0
HugePages_Free:        0
HugePages_Rsvd:        0
HugePages_Surp:        0
Hugepagesize:       2048 kB
DirectMap4k:      158464 kB
DirectMap2M:    11286528 kB
DirectMap1G:     6291456 kB


CPU:total 4 (2 cores per cpu, 2 threads per core) family 6 model 60 stepping 3, cmov, cx8, fxsr, mmx, sse, sse2, sse3, ssse3, sse4.1, sse4.2, popcnt, avx, avx2, aes, clmul, erms, lzcnt, ht, tsc, tscinvbit, bmi1, bmi2

CPU Model and flags from /proc/cpuinfo:
model name	: Intel(R) Core(TM) i5-4200M CPU @ 2.50GHz
flags		: fpu vme de pse tsc msr pae mce cx8 apic sep mtrr pge mca cmov pat pse36 clflush dts acpi mmx fxsr sse sse2 ss ht tm pbe syscall nx pdpe1gb rdtscp lm constant_tsc arch_perfmon pebs bts rep_good nopl xtopology nonstop_tsc aperfmperf eagerfpu pni pclmulqdq dtes64 monitor ds_cpl vmx est tm2 ssse3 sdbg fma cx16 xtpr pdcm pcid sse4_1 sse4_2 movbe popcnt tsc_deadline_timer aes xsave avx f16c rdrand lahf_lm abm epb tpr_shadow vnmi flexpriority ept vpid fsgsbase tsc_adjust bmi1 avx2 smep bmi2 erms invpcid xsaveopt dtherm ida arat pln pts

Memory: 4k page, physical 16342864k(3041964k free), swap 16687100k(16057880k free)

vm_info: OpenJDK 64-Bit Server VM (9-internal+0-2016-04-14-195246.buildd.src) for linux-amd64 JRE (9-internal+0-2016-04-14-195246.buildd.src), built on Apr 14 2016 20:05:37 by "buildd" with gcc 5.3.1 20160413

END.
